{"/Users/alex/Documents/projects/unexpected-mitm/lib/unexpectedMitm.js":{"path":"/Users/alex/Documents/projects/unexpected-mitm/lib/unexpectedMitm.js","s":{"1":1,"2":1,"3":5,"4":5,"5":16,"6":5,"7":1,"8":1,"9":1,"10":7,"11":0,"12":1,"13":1,"14":6,"15":5,"16":4,"17":1,"18":1,"19":5,"20":0,"21":0,"22":0,"23":0,"24":6,"25":0,"26":6,"27":5,"28":5,"29":5,"30":5,"31":5,"32":0,"33":6,"34":0,"35":0,"36":6,"37":0,"38":0,"39":0,"40":0,"41":6,"42":1,"43":41,"44":41,"45":8,"46":39,"47":1,"48":3,"49":1,"50":35,"51":1,"52":1,"53":26,"54":26,"55":26,"56":61,"57":35,"58":35,"59":35,"60":23,"61":23,"62":35,"63":35,"64":35,"65":35,"66":35,"67":1,"68":33,"69":19,"70":14,"71":13,"72":33,"73":32,"74":32,"75":32,"76":30,"77":30,"78":1,"79":33,"80":7,"81":7,"82":7,"83":0,"84":7,"85":7,"86":2,"87":7,"88":33,"89":33,"90":2,"91":2,"92":0,"93":2,"94":33,"95":1,"96":32,"97":32,"98":0,"99":32,"100":1,"101":31,"102":18,"103":13,"104":2,"105":11,"106":31,"107":9,"108":32,"109":6,"110":6,"111":32,"112":32,"113":32,"114":32,"115":32,"116":4,"117":4,"118":2,"119":2,"120":4,"121":28,"122":1,"123":32,"124":4,"125":2,"126":4,"127":32,"128":1,"129":2,"130":2,"131":6,"132":6,"133":1,"134":1,"135":1,"136":1,"137":1,"138":1,"139":1,"140":1,"141":1,"142":1,"143":1,"144":0,"145":1,"146":0,"147":0,"148":0,"149":0,"150":0,"151":0,"152":0,"153":0,"154":0,"155":0,"156":0,"157":1,"158":0,"159":0,"160":1,"161":0,"162":1,"163":0,"164":0,"165":0,"166":0,"167":0,"168":0,"169":0,"170":0,"171":0,"172":0,"173":0,"174":0,"175":1,"176":0,"177":0,"178":0,"179":0,"180":0,"181":0,"182":0,"183":0,"184":1,"185":1,"186":3,"187":3,"188":3,"189":0,"190":0,"191":1,"192":3,"193":1,"194":0,"195":0,"196":0,"197":0,"198":3,"199":3,"200":6,"201":3,"202":3,"203":3,"204":3,"205":3,"206":3,"207":3,"208":3,"209":3,"210":3,"211":3,"212":3,"213":3,"214":3,"215":2,"216":3,"217":0,"218":3,"219":2,"220":2,"221":2,"222":2,"223":2,"224":2,"225":2,"226":6,"227":2,"228":1,"229":1,"230":3,"231":3,"232":3,"233":3,"234":3,"235":3,"236":3,"237":3,"238":3,"239":0,"240":0,"241":0,"242":0,"243":0,"244":3,"245":32,"246":32,"247":32,"248":32,"249":1,"250":32,"251":1,"252":11,"253":11,"254":11,"255":11,"256":32,"257":27,"258":0,"259":27,"260":32,"261":32,"262":32,"263":32,"264":32,"265":0,"266":32,"267":32,"268":32,"269":32,"270":31,"271":32,"272":32,"273":0,"274":32,"275":32,"276":1,"277":31,"278":31,"279":31,"280":30,"281":31,"282":31,"283":31,"284":8,"285":8,"286":31,"287":9,"288":22,"289":22,"290":1,"291":22,"292":2,"293":2,"294":20,"295":20,"296":20,"297":20,"298":8,"299":8,"300":20,"301":20,"302":10,"303":20,"304":1,"305":30,"306":32,"307":1,"308":31,"309":2,"310":1,"311":2,"312":2,"313":29,"314":32,"315":32,"316":21,"317":21,"318":21,"319":21,"320":2,"321":2,"322":2,"323":2,"324":2,"325":2,"326":2,"327":2,"328":2,"329":2,"330":19,"331":19},"b":{"1":[0,7],"2":[5,1],"3":[4,1],"4":[1,0],"5":[1,1],"6":[0,5],"7":[5,0],"8":[0,0],"9":[0,6],"10":[5,1],"11":[0,5],"12":[0,6],"13":[6,3],"14":[0,6],"15":[0,0],"16":[0,0],"17":[26,0],"18":[96,36],"19":[19,14],"20":[13,1],"21":[14,13],"22":[32,1],"23":[32,0],"24":[30,2],"25":[30,30],"26":[7,26],"27":[7,7],"28":[7,0],"29":[2,5],"30":[7,2],"31":[2,31],"32":[33,33,5,2,2],"33":[2,2],"34":[2,0],"35":[0,32],"36":[1,31],"37":[18,13],"38":[2,11],"39":[13,12,12,12],"40":[9,22],"41":[6,26],"42":[32,32,31],"43":[32,32],"44":[32,32],"45":[32,32],"46":[4,28],"47":[32,13],"48":[2,2],"49":[4,28],"50":[32,31,12,6,6],"51":[2,2],"52":[32,30],"53":[1,0],"54":[1,0],"55":[1,0],"56":[1,0],"57":[0,0],"58":[0,0],"59":[0,0],"60":[0,0],"61":[0,0],"62":[0,0],"63":[0,0],"64":[0,0],"65":[0,0],"66":[0,3],"67":[3,0],"68":[0,0],"69":[3,3],"70":[3,1],"71":[3,3],"72":[3,0],"73":[3,0],"74":[2,1],"75":[0,3],"76":[1,2],"77":[3,1],"78":[0,1],"79":[3,0],"80":[3,0],"81":[0,3],"82":[0,0],"83":[0,0],"84":[11,0],"85":[27,5],"86":[0,27],"87":[0,32],"88":[32,32,2],"89":[32,31],"90":[32,31],"91":[31,1],"92":[0,32],"93":[30,1],"94":[30,0],"95":[9,22],"96":[2,20],"97":[20,0],"98":[10,10],"99":[1,31],"100":[2,29],"101":[21,0],"102":[2,19],"103":[2,2],"104":[2,2]},"f":{"1":5,"2":16,"3":1,"4":7,"5":6,"6":41,"7":8,"8":39,"9":3,"10":35,"11":61,"12":26,"13":23,"14":35,"15":33,"16":0,"17":0,"18":32,"19":4,"20":32,"21":2,"22":6,"23":1,"24":1,"25":0,"26":0,"27":0,"28":0,"29":0,"30":0,"31":0,"32":0,"33":0,"34":0,"35":3,"36":3,"37":3,"38":0,"39":6,"40":3,"41":3,"42":2,"43":2,"44":2,"45":6,"46":1,"47":3,"48":3,"49":0,"50":32,"51":32,"52":32,"53":11,"54":32,"55":32,"56":32,"57":31,"58":31,"59":8,"60":31,"61":22,"62":2,"63":20,"64":8,"65":8,"66":30,"67":1,"68":2,"69":32,"70":21,"71":2,"72":2,"73":2,"74":2},"fnMap":{"1":{"name":"formatHeaderObj","line":16,"loc":{"start":{"line":16,"column":0},"end":{"line":16,"column":36}}},"2":{"name":"(anonymous_2)","line":18,"loc":{"start":{"line":18,"column":35},"end":{"line":18,"column":57}}},"3":{"name":"bufferCanBeInterpretedAsUtf8","line":24,"loc":{"start":{"line":24,"column":0},"end":{"line":24,"column":46}}},"4":{"name":"(anonymous_4)","line":28,"loc":{"start":{"line":28,"column":60},"end":{"line":28,"column":77}}},"5":{"name":"trimMessage","line":37,"loc":{"start":{"line":37,"column":0},"end":{"line":37,"column":30}}},"6":{"name":"bufferStream","line":80,"loc":{"start":{"line":80,"column":0},"end":{"line":80,"column":34}}},"7":{"name":"(anonymous_7)","line":82,"loc":{"start":{"line":82,"column":22},"end":{"line":82,"column":39}}},"8":{"name":"(anonymous_8)","line":84,"loc":{"start":{"line":84,"column":17},"end":{"line":84,"column":29}}},"9":{"name":"trimRecordedExchange","line":89,"loc":{"start":{"line":89,"column":0},"end":{"line":89,"column":48}}},"10":{"name":"createSerializedRequestHandler","line":96,"loc":{"start":{"line":96,"column":0},"end":{"line":96,"column":51}}},"11":{"name":"processNextRequest","line":100,"loc":{"start":{"line":100,"column":4},"end":{"line":100,"column":34}}},"12":{"name":"cleanUpAndProceed","line":101,"loc":{"start":{"line":101,"column":8},"end":{"line":101,"column":37}}},"13":{"name":"(anonymous_13)","line":113,"loc":{"start":{"line":113,"column":22},"end":{"line":113,"column":34}}},"14":{"name":"(anonymous_14)","line":123,"loc":{"start":{"line":123,"column":11},"end":{"line":123,"column":31}}},"15":{"name":"resolveExpectedRequestProperties","line":129,"loc":{"start":{"line":129,"column":0},"end":{"line":129,"column":69}}},"16":{"name":"(anonymous_16)","line":150,"loc":{"start":{"line":150,"column":65},"end":{"line":150,"column":80}}},"17":{"name":"(anonymous_17)","line":164,"loc":{"start":{"line":164,"column":65},"end":{"line":164,"column":80}}},"18":{"name":"getMockResponse","line":173,"loc":{"start":{"line":173,"column":0},"end":{"line":173,"column":49}}},"19":{"name":"(anonymous_19)","line":200,"loc":{"start":{"line":200,"column":40},"end":{"line":200,"column":61}}},"20":{"name":"deliverMockResponse","line":212,"loc":{"start":{"line":212,"column":4},"end":{"line":212,"column":35}}},"21":{"name":"attachResponseHooks","line":223,"loc":{"start":{"line":223,"column":0},"end":{"line":223,"column":44}}},"22":{"name":"(anonymous_22)","line":226,"loc":{"start":{"line":226,"column":40},"end":{"line":226,"column":62}}},"23":{"name":"(anonymous_23)","line":228,"loc":{"start":{"line":228,"column":26},"end":{"line":228,"column":53}}},"24":{"name":"(anonymous_24)","line":248,"loc":{"start":{"line":248,"column":17},"end":{"line":248,"column":35}}},"25":{"name":"(anonymous_25)","line":256,"loc":{"start":{"line":256,"column":20},"end":{"line":256,"column":38}}},"26":{"name":"(anonymous_26)","line":265,"loc":{"start":{"line":265,"column":21},"end":{"line":265,"column":62}}},"27":{"name":"(anonymous_27)","line":275,"loc":{"start":{"line":275,"column":33},"end":{"line":275,"column":51}}},"28":{"name":"stringify","line":289,"loc":{"start":{"line":289,"column":8},"end":{"line":289,"column":50}}},"29":{"name":"(anonymous_29)","line":295,"loc":{"start":{"line":295,"column":40},"end":{"line":295,"column":66}}},"30":{"name":"injectRecordedExchanges","line":299,"loc":{"start":{"line":299,"column":8},"end":{"line":299,"column":81}}},"31":{"name":"applyInjections","line":329,"loc":{"start":{"line":329,"column":8},"end":{"line":329,"column":35}}},"32":{"name":"(anonymous_32)","line":330,"loc":{"start":{"line":330,"column":60},"end":{"line":330,"column":86}}},"33":{"name":"(anonymous_33)","line":334,"loc":{"start":{"line":334,"column":32},"end":{"line":334,"column":48}}},"34":{"name":"(anonymous_34)","line":336,"loc":{"start":{"line":336,"column":27},"end":{"line":336,"column":48}}},"35":{"name":"(anonymous_35)","line":347,"loc":{"start":{"line":347,"column":63},"end":{"line":347,"column":90}}},"36":{"name":"(anonymous_36)","line":355,"loc":{"start":{"line":355,"column":38},"end":{"line":355,"column":65}}},"37":{"name":"cleanUp","line":361,"loc":{"start":{"line":361,"column":20},"end":{"line":361,"column":39}}},"38":{"name":"handleError","line":365,"loc":{"start":{"line":365,"column":20},"end":{"line":365,"column":46}}},"39":{"name":"(anonymous_39)","line":377,"loc":{"start":{"line":377,"column":39},"end":{"line":377,"column":63}}},"40":{"name":"(anonymous_40)","line":385,"loc":{"start":{"line":385,"column":68},"end":{"line":385,"column":88}}},"41":{"name":"(anonymous_41)","line":399,"loc":{"start":{"line":399,"column":65},"end":{"line":399,"column":81}}},"42":{"name":"(anonymous_42)","line":424,"loc":{"start":{"line":424,"column":57},"end":{"line":424,"column":77}}},"43":{"name":"(anonymous_43)","line":427,"loc":{"start":{"line":427,"column":78},"end":{"line":427,"column":94}}},"44":{"name":"(anonymous_44)","line":429,"loc":{"start":{"line":429,"column":49},"end":{"line":429,"column":61}}},"45":{"name":"(anonymous_45)","line":431,"loc":{"start":{"line":431,"column":78},"end":{"line":431,"column":100}}},"46":{"name":"(anonymous_46)","line":437,"loc":{"start":{"line":437,"column":43},"end":{"line":437,"column":58}}},"47":{"name":"(anonymous_47)","line":444,"loc":{"start":{"line":444,"column":35},"end":{"line":444,"column":47}}},"48":{"name":"(anonymous_48)","line":446,"loc":{"start":{"line":446,"column":48},"end":{"line":446,"column":60}}},"49":{"name":"(anonymous_49)","line":456,"loc":{"start":{"line":456,"column":70},"end":{"line":456,"column":96}}},"50":{"name":"(anonymous_50)","line":469,"loc":{"start":{"line":469,"column":50},"end":{"line":469,"column":98}}},"51":{"name":"(anonymous_51)","line":475,"loc":{"start":{"line":475,"column":38},"end":{"line":475,"column":65}}},"52":{"name":"cleanUp","line":476,"loc":{"start":{"line":476,"column":20},"end":{"line":476,"column":39}}},"53":{"name":"handleError","line":480,"loc":{"start":{"line":480,"column":20},"end":{"line":480,"column":46}}},"54":{"name":"(anonymous_54)","line":502,"loc":{"start":{"line":502,"column":39},"end":{"line":502,"column":63}}},"55":{"name":"(anonymous_55)","line":505,"loc":{"start":{"line":505,"column":68},"end":{"line":505,"column":88}}},"56":{"name":"(anonymous_56)","line":525,"loc":{"start":{"line":525,"column":65},"end":{"line":525,"column":81}}},"57":{"name":"assertMockResponse","line":540,"loc":{"start":{"line":540,"column":28},"end":{"line":540,"column":80}}},"58":{"name":"(anonymous_58)","line":547,"loc":{"start":{"line":547,"column":47},"end":{"line":547,"column":59}}},"59":{"name":"(anonymous_59)","line":550,"loc":{"start":{"line":550,"column":42},"end":{"line":550,"column":57}}},"60":{"name":"(anonymous_60)","line":553,"loc":{"start":{"line":553,"column":40},"end":{"line":553,"column":52}}},"61":{"name":"deliverMockResponse","line":564,"loc":{"start":{"line":564,"column":28},"end":{"line":564,"column":71}}},"62":{"name":"(anonymous_62)","line":566,"loc":{"start":{"line":566,"column":56},"end":{"line":566,"column":68}}},"63":{"name":"(anonymous_63)","line":570,"loc":{"start":{"line":570,"column":45},"end":{"line":570,"column":57}}},"64":{"name":"(anonymous_64)","line":573,"loc":{"start":{"line":573,"column":80},"end":{"line":573,"column":102}}},"65":{"name":"(anonymous_65)","line":574,"loc":{"start":{"line":574,"column":92},"end":{"line":574,"column":109}}},"66":{"name":"assertAndDeliverMockResponse","line":588,"loc":{"start":{"line":588,"column":28},"end":{"line":588,"column":80}}},"67":{"name":"(anonymous_67)","line":596,"loc":{"start":{"line":596,"column":61},"end":{"line":596,"column":73}}},"68":{"name":"(anonymous_68)","line":600,"loc":{"start":{"line":600,"column":51},"end":{"line":600,"column":63}}},"69":{"name":"(anonymous_69)","line":610,"loc":{"start":{"line":610,"column":35},"end":{"line":610,"column":47}}},"70":{"name":"(anonymous_70)","line":612,"loc":{"start":{"line":612,"column":28},"end":{"line":612,"column":40}}},"71":{"name":"(anonymous_71)","line":617,"loc":{"start":{"line":617,"column":107},"end":{"line":617,"column":141}}},"72":{"name":"(anonymous_72)","line":621,"loc":{"start":{"line":621,"column":86},"end":{"line":621,"column":110}}},"73":{"name":"(anonymous_73)","line":628,"loc":{"start":{"line":628,"column":58},"end":{"line":628,"column":70}}},"74":{"name":"(anonymous_74)","line":631,"loc":{"start":{"line":631,"column":51},"end":{"line":631,"column":63}}}},"statementMap":{"1":{"start":{"line":2,"column":0},"end":{"line":14,"column":97}},"2":{"start":{"line":16,"column":0},"end":{"line":22,"column":1}},"3":{"start":{"line":17,"column":4},"end":{"line":17,"column":20}},"4":{"start":{"line":18,"column":4},"end":{"line":20,"column":7}},"5":{"start":{"line":19,"column":8},"end":{"line":19,"column":75}},"6":{"start":{"line":21,"column":4},"end":{"line":21,"column":18}},"7":{"start":{"line":24,"column":0},"end":{"line":35,"column":1}},"8":{"start":{"line":27,"column":4},"end":{"line":33,"column":5}},"9":{"start":{"line":28,"column":8},"end":{"line":30,"column":21}},"10":{"start":{"line":29,"column":12},"end":{"line":29,"column":70}},"11":{"start":{"line":32,"column":8},"end":{"line":32,"column":21}},"12":{"start":{"line":34,"column":4},"end":{"line":34,"column":16}},"13":{"start":{"line":37,"column":0},"end":{"line":78,"column":1}},"14":{"start":{"line":38,"column":4},"end":{"line":52,"column":5}},"15":{"start":{"line":39,"column":8},"end":{"line":43,"column":9}},"16":{"start":{"line":40,"column":12},"end":{"line":40,"column":32}},"17":{"start":{"line":41,"column":15},"end":{"line":43,"column":9}},"18":{"start":{"line":42,"column":12},"end":{"line":42,"column":58}},"19":{"start":{"line":44,"column":8},"end":{"line":51,"column":9}},"20":{"start":{"line":45,"column":12},"end":{"line":50,"column":26}},"21":{"start":{"line":46,"column":16},"end":{"line":46,"column":56}},"22":{"start":{"line":47,"column":16},"end":{"line":49,"column":17}},"23":{"start":{"line":48,"column":20},"end":{"line":48,"column":59}},"24":{"start":{"line":53,"column":4},"end":{"line":55,"column":5}},"25":{"start":{"line":54,"column":8},"end":{"line":54,"column":34}},"26":{"start":{"line":56,"column":4},"end":{"line":64,"column":5}},"27":{"start":{"line":57,"column":8},"end":{"line":57,"column":49}},"28":{"start":{"line":58,"column":8},"end":{"line":58,"column":52}},"29":{"start":{"line":59,"column":8},"end":{"line":59,"column":45}},"30":{"start":{"line":60,"column":8},"end":{"line":60,"column":39}},"31":{"start":{"line":61,"column":8},"end":{"line":63,"column":9}},"32":{"start":{"line":62,"column":12},"end":{"line":62,"column":35}},"33":{"start":{"line":65,"column":4},"end":{"line":68,"column":5}},"34":{"start":{"line":66,"column":8},"end":{"line":66,"column":57}},"35":{"start":{"line":67,"column":8},"end":{"line":67,"column":30}},"36":{"start":{"line":69,"column":4},"end":{"line":76,"column":5}},"37":{"start":{"line":70,"column":8},"end":{"line":72,"column":9}},"38":{"start":{"line":71,"column":12},"end":{"line":71,"column":31}},"39":{"start":{"line":73,"column":8},"end":{"line":75,"column":9}},"40":{"start":{"line":74,"column":12},"end":{"line":74,"column":38}},"41":{"start":{"line":77,"column":4},"end":{"line":77,"column":19}},"42":{"start":{"line":80,"column":0},"end":{"line":87,"column":1}},"43":{"start":{"line":81,"column":4},"end":{"line":81,"column":20}},"44":{"start":{"line":82,"column":4},"end":{"line":86,"column":23}},"45":{"start":{"line":83,"column":8},"end":{"line":83,"column":27}},"46":{"start":{"line":85,"column":8},"end":{"line":85,"column":40}},"47":{"start":{"line":89,"column":0},"end":{"line":94,"column":1}},"48":{"start":{"line":90,"column":4},"end":{"line":93,"column":6}},"49":{"start":{"line":96,"column":0},"end":{"line":127,"column":1}},"50":{"start":{"line":97,"column":4},"end":{"line":98,"column":26}},"51":{"start":{"line":100,"column":4},"end":{"line":121,"column":5}},"52":{"start":{"line":101,"column":8},"end":{"line":106,"column":9}},"53":{"start":{"line":102,"column":12},"end":{"line":105,"column":13}},"54":{"start":{"line":103,"column":16},"end":{"line":103,"column":38}},"55":{"start":{"line":104,"column":16},"end":{"line":104,"column":49}},"56":{"start":{"line":107,"column":8},"end":{"line":120,"column":9}},"57":{"start":{"line":108,"column":12},"end":{"line":108,"column":33}},"58":{"start":{"line":109,"column":12},"end":{"line":112,"column":33}},"59":{"start":{"line":113,"column":12},"end":{"line":116,"column":14}},"60":{"start":{"line":114,"column":16},"end":{"line":114,"column":46}},"61":{"start":{"line":115,"column":16},"end":{"line":115,"column":36}},"62":{"start":{"line":118,"column":12},"end":{"line":118,"column":47}},"63":{"start":{"line":119,"column":12},"end":{"line":119,"column":32}},"64":{"start":{"line":123,"column":4},"end":{"line":126,"column":6}},"65":{"start":{"line":124,"column":8},"end":{"line":124,"column":38}},"66":{"start":{"line":125,"column":8},"end":{"line":125,"column":29}},"67":{"start":{"line":129,"column":0},"end":{"line":171,"column":1}},"68":{"start":{"line":130,"column":4},"end":{"line":134,"column":5}},"69":{"start":{"line":131,"column":8},"end":{"line":131,"column":71}},"70":{"start":{"line":132,"column":11},"end":{"line":134,"column":5}},"71":{"start":{"line":133,"column":8},"end":{"line":133,"column":76}},"72":{"start":{"line":135,"column":4},"end":{"line":145,"column":5}},"73":{"start":{"line":136,"column":8},"end":{"line":142,"column":9}},"74":{"start":{"line":137,"column":12},"end":{"line":137,"column":90}},"75":{"start":{"line":138,"column":12},"end":{"line":141,"column":13}},"76":{"start":{"line":139,"column":16},"end":{"line":139,"column":102}},"77":{"start":{"line":140,"column":16},"end":{"line":140,"column":63}},"78":{"start":{"line":144,"column":8},"end":{"line":144,"column":39}},"79":{"start":{"line":147,"column":4},"end":{"line":159,"column":5}},"80":{"start":{"line":148,"column":8},"end":{"line":148,"column":68}},"81":{"start":{"line":149,"column":8},"end":{"line":149,"column":84}},"82":{"start":{"line":150,"column":8},"end":{"line":154,"column":9}},"83":{"start":{"line":151,"column":12},"end":{"line":151,"column":46}},"84":{"start":{"line":153,"column":12},"end":{"line":153,"column":65}},"85":{"start":{"line":155,"column":8},"end":{"line":157,"column":9}},"86":{"start":{"line":156,"column":12},"end":{"line":156,"column":55}},"87":{"start":{"line":158,"column":8},"end":{"line":158,"column":52}},"88":{"start":{"line":161,"column":4},"end":{"line":161,"column":61}},"89":{"start":{"line":162,"column":4},"end":{"line":169,"column":5}},"90":{"start":{"line":163,"column":8},"end":{"line":163,"column":84}},"91":{"start":{"line":164,"column":8},"end":{"line":168,"column":9}},"92":{"start":{"line":165,"column":12},"end":{"line":165,"column":54}},"93":{"start":{"line":167,"column":12},"end":{"line":167,"column":83}},"94":{"start":{"line":170,"column":4},"end":{"line":170,"column":37}},"95":{"start":{"line":173,"column":0},"end":{"line":221,"column":1}},"96":{"start":{"line":174,"column":4},"end":{"line":174,"column":26}},"97":{"start":{"line":175,"column":4},"end":{"line":190,"column":5}},"98":{"start":{"line":176,"column":8},"end":{"line":176,"column":47}},"99":{"start":{"line":177,"column":11},"end":{"line":190,"column":5}},"100":{"start":{"line":178,"column":8},"end":{"line":178,"column":62}},"101":{"start":{"line":180,"column":8},"end":{"line":186,"column":9}},"102":{"start":{"line":181,"column":12},"end":{"line":181,"column":66}},"103":{"start":{"line":182,"column":15},"end":{"line":186,"column":9}},"104":{"start":{"line":183,"column":12},"end":{"line":183,"column":69}},"105":{"start":{"line":185,"column":12},"end":{"line":185,"column":66}},"106":{"start":{"line":187,"column":8},"end":{"line":189,"column":9}},"107":{"start":{"line":188,"column":12},"end":{"line":188,"column":48}},"108":{"start":{"line":191,"column":4},"end":{"line":194,"column":5}},"109":{"start":{"line":192,"column":8},"end":{"line":192,"column":100}},"110":{"start":{"line":193,"column":8},"end":{"line":193,"column":39}},"111":{"start":{"line":195,"column":4},"end":{"line":195,"column":66}},"112":{"start":{"line":196,"column":4},"end":{"line":196,"column":68}},"113":{"start":{"line":197,"column":4},"end":{"line":197,"column":73}},"114":{"start":{"line":198,"column":4},"end":{"line":198,"column":112}},"115":{"start":{"line":199,"column":4},"end":{"line":210,"column":5}},"116":{"start":{"line":200,"column":8},"end":{"line":207,"column":11}},"117":{"start":{"line":201,"column":12},"end":{"line":205,"column":13}},"118":{"start":{"line":202,"column":16},"end":{"line":202,"column":40}},"119":{"start":{"line":204,"column":16},"end":{"line":204,"column":50}},"120":{"start":{"line":206,"column":12},"end":{"line":206,"column":34}},"121":{"start":{"line":209,"column":8},"end":{"line":209,"column":42}},"122":{"start":{"line":212,"column":4},"end":{"line":220,"column":5}},"123":{"start":{"line":213,"column":8},"end":{"line":218,"column":9}},"124":{"start":{"line":214,"column":12},"end":{"line":216,"column":13}},"125":{"start":{"line":215,"column":16},"end":{"line":215,"column":77}},"126":{"start":{"line":217,"column":12},"end":{"line":217,"column":50}},"127":{"start":{"line":219,"column":8},"end":{"line":219,"column":52}},"128":{"start":{"line":223,"column":0},"end":{"line":243,"column":1}},"129":{"start":{"line":224,"column":4},"end":{"line":224,"column":25}},"130":{"start":{"line":226,"column":4},"end":{"line":242,"column":7}},"131":{"start":{"line":227,"column":8},"end":{"line":227,"column":35}},"132":{"start":{"line":228,"column":8},"end":{"line":241,"column":10}},"133":{"start":{"line":229,"column":12},"end":{"line":231,"column":13}},"134":{"start":{"line":230,"column":16},"end":{"line":230,"column":32}},"135":{"start":{"line":232,"column":12},"end":{"line":232,"column":58}},"136":{"start":{"line":234,"column":12},"end":{"line":236,"column":13}},"137":{"start":{"line":235,"column":16},"end":{"line":235,"column":27}},"138":{"start":{"line":238,"column":12},"end":{"line":240,"column":13}},"139":{"start":{"line":239,"column":16},"end":{"line":239,"column":35}},"140":{"start":{"line":246,"column":0},"end":{"line":644,"column":2}},"141":{"start":{"line":249,"column":8},"end":{"line":249,"column":58}},"142":{"start":{"line":251,"column":8},"end":{"line":251,"column":48}},"143":{"start":{"line":253,"column":8},"end":{"line":260,"column":11}},"144":{"start":{"line":257,"column":16},"end":{"line":257,"column":58}},"145":{"start":{"line":262,"column":8},"end":{"line":287,"column":11}},"146":{"start":{"line":266,"column":16},"end":{"line":267,"column":44}},"147":{"start":{"line":268,"column":16},"end":{"line":285,"column":17}},"148":{"start":{"line":269,"column":20},"end":{"line":269,"column":93}},"149":{"start":{"line":271,"column":20},"end":{"line":274,"column":73}},"150":{"start":{"line":275,"column":20},"end":{"line":283,"column":23}},"151":{"start":{"line":276,"column":24},"end":{"line":276,"column":36}},"152":{"start":{"line":277,"column":24},"end":{"line":281,"column":25}},"153":{"start":{"line":278,"column":28},"end":{"line":278,"column":54}},"154":{"start":{"line":280,"column":28},"end":{"line":280,"column":79}},"155":{"start":{"line":282,"column":24},"end":{"line":282,"column":79}},"156":{"start":{"line":284,"column":20},"end":{"line":284,"column":56}},"157":{"start":{"line":289,"column":8},"end":{"line":292,"column":9}},"158":{"start":{"line":290,"column":12},"end":{"line":290,"column":74}},"159":{"start":{"line":291,"column":12},"end":{"line":291,"column":78}},"160":{"start":{"line":294,"column":8},"end":{"line":297,"column":15}},"161":{"start":{"line":296,"column":16},"end":{"line":296,"column":64}},"162":{"start":{"line":299,"column":8},"end":{"line":327,"column":9}},"163":{"start":{"line":300,"column":12},"end":{"line":303,"column":58}},"164":{"start":{"line":304,"column":12},"end":{"line":306,"column":13}},"165":{"start":{"line":305,"column":16},"end":{"line":305,"column":57}},"166":{"start":{"line":307,"column":12},"end":{"line":309,"column":13}},"167":{"start":{"line":308,"column":16},"end":{"line":308,"column":25}},"168":{"start":{"line":310,"column":12},"end":{"line":310,"column":85}},"169":{"start":{"line":311,"column":12},"end":{"line":311,"column":41}},"170":{"start":{"line":313,"column":12},"end":{"line":313,"column":66}},"171":{"start":{"line":314,"column":12},"end":{"line":326,"column":13}},"172":{"start":{"line":315,"column":16},"end":{"line":317,"column":49}},"173":{"start":{"line":319,"column":16},"end":{"line":323,"column":19}},"174":{"start":{"line":325,"column":16},"end":{"line":325,"column":222}},"175":{"start":{"line":329,"column":8},"end":{"line":343,"column":9}},"176":{"start":{"line":330,"column":12},"end":{"line":342,"column":15}},"177":{"start":{"line":331,"column":16},"end":{"line":333,"column":31}},"178":{"start":{"line":334,"column":16},"end":{"line":340,"column":19}},"179":{"start":{"line":335,"column":20},"end":{"line":335,"column":41}},"180":{"start":{"line":337,"column":20},"end":{"line":337,"column":53}},"181":{"start":{"line":338,"column":20},"end":{"line":338,"column":127}},"182":{"start":{"line":339,"column":20},"end":{"line":339,"column":78}},"183":{"start":{"line":341,"column":16},"end":{"line":341,"column":70}},"184":{"start":{"line":345,"column":8},"end":{"line":345,"column":41}},"185":{"start":{"line":346,"column":8},"end":{"line":642,"column":15}},"186":{"start":{"line":348,"column":16},"end":{"line":353,"column":43}},"187":{"start":{"line":355,"column":16},"end":{"line":467,"column":19}},"188":{"start":{"line":356,"column":20},"end":{"line":359,"column":21}},"189":{"start":{"line":357,"column":24},"end":{"line":357,"column":47}},"190":{"start":{"line":358,"column":24},"end":{"line":358,"column":52}},"191":{"start":{"line":361,"column":20},"end":{"line":363,"column":21}},"192":{"start":{"line":362,"column":24},"end":{"line":362,"column":39}},"193":{"start":{"line":365,"column":20},"end":{"line":371,"column":21}},"194":{"start":{"line":366,"column":24},"end":{"line":370,"column":25}},"195":{"start":{"line":367,"column":28},"end":{"line":367,"column":50}},"196":{"start":{"line":368,"column":28},"end":{"line":368,"column":38}},"197":{"start":{"line":369,"column":28},"end":{"line":369,"column":40}},"198":{"start":{"line":373,"column":20},"end":{"line":375,"column":50}},"199":{"start":{"line":377,"column":20},"end":{"line":442,"column":24}},"200":{"start":{"line":378,"column":24},"end":{"line":384,"column":25}},"201":{"start":{"line":379,"column":28},"end":{"line":379,"column":44}},"202":{"start":{"line":380,"column":28},"end":{"line":380,"column":54}},"203":{"start":{"line":382,"column":28},"end":{"line":382,"column":56}},"204":{"start":{"line":383,"column":28},"end":{"line":383,"column":61}},"205":{"start":{"line":386,"column":24},"end":{"line":397,"column":30}},"206":{"start":{"line":398,"column":24},"end":{"line":398,"column":65}},"207":{"start":{"line":399,"column":24},"end":{"line":441,"column":28}},"208":{"start":{"line":400,"column":28},"end":{"line":400,"column":65}},"209":{"start":{"line":401,"column":28},"end":{"line":401,"column":53}},"210":{"start":{"line":402,"column":28},"end":{"line":404,"column":37}},"211":{"start":{"line":407,"column":28},"end":{"line":414,"column":29}},"212":{"start":{"line":408,"column":32},"end":{"line":410,"column":33}},"213":{"start":{"line":409,"column":36},"end":{"line":409,"column":62}},"214":{"start":{"line":411,"column":32},"end":{"line":413,"column":33}},"215":{"start":{"line":412,"column":36},"end":{"line":412,"column":76}},"216":{"start":{"line":415,"column":28},"end":{"line":417,"column":29}},"217":{"start":{"line":416,"column":32},"end":{"line":416,"column":169}},"218":{"start":{"line":418,"column":28},"end":{"line":440,"column":66}},"219":{"start":{"line":425,"column":32},"end":{"line":425,"column":91}},"220":{"start":{"line":426,"column":32},"end":{"line":426,"column":102}},"221":{"start":{"line":427,"column":32},"end":{"line":436,"column":36}},"222":{"start":{"line":428,"column":36},"end":{"line":428,"column":74}},"223":{"start":{"line":429,"column":36},"end":{"line":435,"column":39}},"224":{"start":{"line":430,"column":40},"end":{"line":430,"column":77}},"225":{"start":{"line":431,"column":40},"end":{"line":433,"column":43}},"226":{"start":{"line":432,"column":44},"end":{"line":432,"column":100}},"227":{"start":{"line":434,"column":40},"end":{"line":434,"column":80}},"228":{"start":{"line":438,"column":32},"end":{"line":438,"column":64}},"229":{"start":{"line":439,"column":32},"end":{"line":439,"column":70}},"230":{"start":{"line":444,"column":20},"end":{"line":466,"column":23}},"231":{"start":{"line":445,"column":24},"end":{"line":445,"column":54}},"232":{"start":{"line":447,"column":24},"end":{"line":465,"column":25}},"233":{"start":{"line":448,"column":28},"end":{"line":448,"column":50}},"234":{"start":{"line":449,"column":28},"end":{"line":449,"column":38}},"235":{"start":{"line":450,"column":28},"end":{"line":450,"column":92}},"236":{"start":{"line":451,"column":28},"end":{"line":453,"column":29}},"237":{"start":{"line":452,"column":32},"end":{"line":452,"column":73}},"238":{"start":{"line":454,"column":28},"end":{"line":463,"column":29}},"239":{"start":{"line":456,"column":32},"end":{"line":458,"column":43}},"240":{"start":{"line":457,"column":36},"end":{"line":457,"column":72}},"241":{"start":{"line":459,"column":32},"end":{"line":459,"column":102}},"242":{"start":{"line":460,"column":32},"end":{"line":462,"column":33}},"243":{"start":{"line":461,"column":36},"end":{"line":461,"column":113}},"244":{"start":{"line":464,"column":28},"end":{"line":464,"column":55}},"245":{"start":{"line":470,"column":16},"end":{"line":470,"column":32}},"246":{"start":{"line":471,"column":16},"end":{"line":471,"column":42}},"247":{"start":{"line":472,"column":16},"end":{"line":473,"column":43}},"248":{"start":{"line":475,"column":16},"end":{"line":641,"column":19}},"249":{"start":{"line":476,"column":20},"end":{"line":478,"column":21}},"250":{"start":{"line":477,"column":24},"end":{"line":477,"column":39}},"251":{"start":{"line":480,"column":20},"end":{"line":486,"column":21}},"252":{"start":{"line":481,"column":24},"end":{"line":485,"column":25}},"253":{"start":{"line":482,"column":28},"end":{"line":482,"column":50}},"254":{"start":{"line":483,"column":28},"end":{"line":483,"column":38}},"255":{"start":{"line":484,"column":28},"end":{"line":484,"column":40}},"256":{"start":{"line":488,"column":20},"end":{"line":494,"column":21}},"257":{"start":{"line":489,"column":24},"end":{"line":493,"column":25}},"258":{"start":{"line":490,"column":28},"end":{"line":490,"column":53}},"259":{"start":{"line":492,"column":28},"end":{"line":492,"column":72}},"260":{"start":{"line":496,"column":20},"end":{"line":500,"column":50}},"261":{"start":{"line":502,"column":20},"end":{"line":608,"column":24}},"262":{"start":{"line":503,"column":24},"end":{"line":503,"column":52}},"263":{"start":{"line":504,"column":24},"end":{"line":504,"column":57}},"264":{"start":{"line":506,"column":24},"end":{"line":508,"column":25}},"265":{"start":{"line":507,"column":28},"end":{"line":507,"column":35}},"266":{"start":{"line":509,"column":24},"end":{"line":517,"column":99}},"267":{"start":{"line":519,"column":24},"end":{"line":519,"column":57}},"268":{"start":{"line":520,"column":24},"end":{"line":520,"column":105}},"269":{"start":{"line":521,"column":24},"end":{"line":523,"column":25}},"270":{"start":{"line":522,"column":28},"end":{"line":522,"column":116}},"271":{"start":{"line":525,"column":24},"end":{"line":607,"column":28}},"272":{"start":{"line":526,"column":28},"end":{"line":528,"column":29}},"273":{"start":{"line":527,"column":32},"end":{"line":527,"column":39}},"274":{"start":{"line":529,"column":28},"end":{"line":537,"column":41}},"275":{"start":{"line":538,"column":28},"end":{"line":538,"column":87}},"276":{"start":{"line":540,"column":28},"end":{"line":562,"column":29}},"277":{"start":{"line":541,"column":32},"end":{"line":541,"column":122}},"278":{"start":{"line":542,"column":32},"end":{"line":542,"column":78}},"279":{"start":{"line":543,"column":32},"end":{"line":545,"column":33}},"280":{"start":{"line":544,"column":36},"end":{"line":544,"column":123}},"281":{"start":{"line":547,"column":32},"end":{"line":561,"column":35}},"282":{"start":{"line":548,"column":36},"end":{"line":548,"column":63}},"283":{"start":{"line":549,"column":36},"end":{"line":549,"column":111}},"284":{"start":{"line":551,"column":36},"end":{"line":551,"column":62}},"285":{"start":{"line":552,"column":36},"end":{"line":552,"column":50}},"286":{"start":{"line":555,"column":36},"end":{"line":557,"column":37}},"287":{"start":{"line":556,"column":40},"end":{"line":556,"column":47}},"288":{"start":{"line":559,"column":36},"end":{"line":559,"column":62}},"289":{"start":{"line":560,"column":36},"end":{"line":560,"column":65}},"290":{"start":{"line":564,"column":28},"end":{"line":586,"column":29}},"291":{"start":{"line":565,"column":32},"end":{"line":569,"column":33}},"292":{"start":{"line":566,"column":36},"end":{"line":568,"column":39}},"293":{"start":{"line":567,"column":40},"end":{"line":567,"column":87}},"294":{"start":{"line":570,"column":32},"end":{"line":585,"column":35}},"295":{"start":{"line":571,"column":36},"end":{"line":582,"column":37}},"296":{"start":{"line":572,"column":40},"end":{"line":572,"column":81}},"297":{"start":{"line":573,"column":40},"end":{"line":577,"column":43}},"298":{"start":{"line":574,"column":44},"end":{"line":576,"column":47}},"299":{"start":{"line":575,"column":48},"end":{"line":575,"column":81}},"300":{"start":{"line":578,"column":40},"end":{"line":578,"column":87}},"301":{"start":{"line":579,"column":40},"end":{"line":581,"column":41}},"302":{"start":{"line":580,"column":44},"end":{"line":580,"column":69}},"303":{"start":{"line":584,"column":36},"end":{"line":584,"column":46}},"304":{"start":{"line":588,"column":28},"end":{"line":590,"column":29}},"305":{"start":{"line":589,"column":32},"end":{"line":589,"column":110}},"306":{"start":{"line":592,"column":28},"end":{"line":606,"column":29}},"307":{"start":{"line":593,"column":32},"end":{"line":593,"column":63}},"308":{"start":{"line":595,"column":32},"end":{"line":605,"column":33}},"309":{"start":{"line":596,"column":36},"end":{"line":598,"column":39}},"310":{"start":{"line":597,"column":40},"end":{"line":597,"column":105}},"311":{"start":{"line":600,"column":36},"end":{"line":602,"column":59}},"312":{"start":{"line":601,"column":40},"end":{"line":601,"column":69}},"313":{"start":{"line":604,"column":36},"end":{"line":604,"column":126}},"314":{"start":{"line":610,"column":20},"end":{"line":640,"column":43}},"315":{"start":{"line":611,"column":24},"end":{"line":611,"column":54}},"316":{"start":{"line":613,"column":24},"end":{"line":639,"column":25}},"317":{"start":{"line":614,"column":28},"end":{"line":614,"column":38}},"318":{"start":{"line":615,"column":28},"end":{"line":615,"column":118}},"319":{"start":{"line":616,"column":28},"end":{"line":638,"column":29}},"320":{"start":{"line":617,"column":32},"end":{"line":634,"column":36}},"321":{"start":{"line":618,"column":36},"end":{"line":619,"column":117}},"322":{"start":{"line":620,"column":36},"end":{"line":620,"column":124}},"323":{"start":{"line":621,"column":36},"end":{"line":627,"column":40}},"324":{"start":{"line":622,"column":40},"end":{"line":625,"column":43}},"325":{"start":{"line":626,"column":40},"end":{"line":626,"column":45}},"326":{"start":{"line":629,"column":36},"end":{"line":629,"column":63}},"327":{"start":{"line":630,"column":36},"end":{"line":630,"column":58}},"328":{"start":{"line":631,"column":36},"end":{"line":633,"column":68}},"329":{"start":{"line":632,"column":40},"end":{"line":632,"column":115}},"330":{"start":{"line":636,"column":32},"end":{"line":636,"column":54}},"331":{"start":{"line":637,"column":32},"end":{"line":637,"column":42}}},"branchMap":{"1":{"line":29,"type":"cond-expr","locations":[{"start":{"line":29,"column":39},"end":{"line":29,"column":42}},{"start":{"line":29,"column":45},"end":{"line":29,"column":47}}]},"2":{"line":38,"type":"if","locations":[{"start":{"line":38,"column":4},"end":{"line":38,"column":4}},{"start":{"line":38,"column":4},"end":{"line":38,"column":4}}]},"3":{"line":39,"type":"if","locations":[{"start":{"line":39,"column":8},"end":{"line":39,"column":8}},{"start":{"line":39,"column":8},"end":{"line":39,"column":8}}]},"4":{"line":41,"type":"if","locations":[{"start":{"line":41,"column":15},"end":{"line":41,"column":15}},{"start":{"line":41,"column":15},"end":{"line":41,"column":15}}]},"5":{"line":41,"type":"binary-expr","locations":[{"start":{"line":41,"column":19},"end":{"line":41,"column":120}},{"start":{"line":41,"column":124},"end":{"line":41,"column":166}}]},"6":{"line":44,"type":"if","locations":[{"start":{"line":44,"column":8},"end":{"line":44,"column":8}},{"start":{"line":44,"column":8},"end":{"line":44,"column":8}}]},"7":{"line":44,"type":"binary-expr","locations":[{"start":{"line":44,"column":12},"end":{"line":44,"column":77}},{"start":{"line":44,"column":81},"end":{"line":44,"column":110}}]},"8":{"line":47,"type":"if","locations":[{"start":{"line":47,"column":16},"end":{"line":47,"column":16}},{"start":{"line":47,"column":16},"end":{"line":47,"column":16}}]},"9":{"line":53,"type":"if","locations":[{"start":{"line":53,"column":4},"end":{"line":53,"column":4}},{"start":{"line":53,"column":4},"end":{"line":53,"column":4}}]},"10":{"line":56,"type":"if","locations":[{"start":{"line":56,"column":4},"end":{"line":56,"column":4}},{"start":{"line":56,"column":4},"end":{"line":56,"column":4}}]},"11":{"line":61,"type":"if","locations":[{"start":{"line":61,"column":8},"end":{"line":61,"column":8}},{"start":{"line":61,"column":8},"end":{"line":61,"column":8}}]},"12":{"line":65,"type":"if","locations":[{"start":{"line":65,"column":4},"end":{"line":65,"column":4}},{"start":{"line":65,"column":4},"end":{"line":65,"column":4}}]},"13":{"line":65,"type":"binary-expr","locations":[{"start":{"line":65,"column":8},"end":{"line":65,"column":19}},{"start":{"line":65,"column":23},"end":{"line":65,"column":37}}]},"14":{"line":69,"type":"if","locations":[{"start":{"line":69,"column":4},"end":{"line":69,"column":4}},{"start":{"line":69,"column":4},"end":{"line":69,"column":4}}]},"15":{"line":70,"type":"if","locations":[{"start":{"line":70,"column":8},"end":{"line":70,"column":8}},{"start":{"line":70,"column":8},"end":{"line":70,"column":8}}]},"16":{"line":73,"type":"if","locations":[{"start":{"line":73,"column":8},"end":{"line":73,"column":8}},{"start":{"line":73,"column":8},"end":{"line":73,"column":8}}]},"17":{"line":102,"type":"if","locations":[{"start":{"line":102,"column":12},"end":{"line":102,"column":12}},{"start":{"line":102,"column":12},"end":{"line":102,"column":12}}]},"18":{"line":107,"type":"binary-expr","locations":[{"start":{"line":107,"column":15},"end":{"line":107,"column":38}},{"start":{"line":107,"column":42},"end":{"line":107,"column":56}}]},"19":{"line":130,"type":"if","locations":[{"start":{"line":130,"column":4},"end":{"line":130,"column":4}},{"start":{"line":130,"column":4},"end":{"line":130,"column":4}}]},"20":{"line":132,"type":"if","locations":[{"start":{"line":132,"column":11},"end":{"line":132,"column":11}},{"start":{"line":132,"column":11},"end":{"line":132,"column":11}}]},"21":{"line":132,"type":"binary-expr","locations":[{"start":{"line":132,"column":15},"end":{"line":132,"column":40}},{"start":{"line":132,"column":44},"end":{"line":132,"column":89}}]},"22":{"line":135,"type":"if","locations":[{"start":{"line":135,"column":4},"end":{"line":135,"column":4}},{"start":{"line":135,"column":4},"end":{"line":135,"column":4}}]},"23":{"line":136,"type":"if","locations":[{"start":{"line":136,"column":8},"end":{"line":136,"column":8}},{"start":{"line":136,"column":8},"end":{"line":136,"column":8}}]},"24":{"line":138,"type":"if","locations":[{"start":{"line":138,"column":12},"end":{"line":138,"column":12}},{"start":{"line":138,"column":12},"end":{"line":138,"column":12}}]},"25":{"line":139,"type":"binary-expr","locations":[{"start":{"line":139,"column":51},"end":{"line":139,"column":83}},{"start":{"line":139,"column":87},"end":{"line":139,"column":101}}]},"26":{"line":147,"type":"if","locations":[{"start":{"line":147,"column":4},"end":{"line":147,"column":4}},{"start":{"line":147,"column":4},"end":{"line":147,"column":4}}]},"27":{"line":149,"type":"binary-expr","locations":[{"start":{"line":149,"column":44},"end":{"line":149,"column":77}},{"start":{"line":149,"column":81},"end":{"line":149,"column":83}}]},"28":{"line":150,"type":"if","locations":[{"start":{"line":150,"column":8},"end":{"line":150,"column":8}},{"start":{"line":150,"column":8},"end":{"line":150,"column":8}}]},"29":{"line":155,"type":"if","locations":[{"start":{"line":155,"column":8},"end":{"line":155,"column":8}},{"start":{"line":155,"column":8},"end":{"line":155,"column":8}}]},"30":{"line":155,"type":"binary-expr","locations":[{"start":{"line":155,"column":12},"end":{"line":155,"column":40}},{"start":{"line":155,"column":44},"end":{"line":155,"column":102}}]},"31":{"line":162,"type":"if","locations":[{"start":{"line":162,"column":4},"end":{"line":162,"column":4}},{"start":{"line":162,"column":4},"end":{"line":162,"column":4}}]},"32":{"line":162,"type":"binary-expr","locations":[{"start":{"line":162,"column":8},"end":{"line":162,"column":42}},{"start":{"line":162,"column":47},"end":{"line":162,"column":66}},{"start":{"line":162,"column":70},"end":{"line":162,"column":109}},{"start":{"line":162,"column":114},"end":{"line":162,"column":143}},{"start":{"line":162,"column":147},"end":{"line":162,"column":184}}]},"33":{"line":163,"type":"binary-expr","locations":[{"start":{"line":163,"column":44},"end":{"line":163,"column":77}},{"start":{"line":163,"column":81},"end":{"line":163,"column":83}}]},"34":{"line":164,"type":"if","locations":[{"start":{"line":164,"column":8},"end":{"line":164,"column":8}},{"start":{"line":164,"column":8},"end":{"line":164,"column":8}}]},"35":{"line":175,"type":"if","locations":[{"start":{"line":175,"column":4},"end":{"line":175,"column":4}},{"start":{"line":175,"column":4},"end":{"line":175,"column":4}}]},"36":{"line":177,"type":"if","locations":[{"start":{"line":177,"column":11},"end":{"line":177,"column":11}},{"start":{"line":177,"column":11},"end":{"line":177,"column":11}}]},"37":{"line":180,"type":"if","locations":[{"start":{"line":180,"column":8},"end":{"line":180,"column":8}},{"start":{"line":180,"column":8},"end":{"line":180,"column":8}}]},"38":{"line":182,"type":"if","locations":[{"start":{"line":182,"column":15},"end":{"line":182,"column":15}},{"start":{"line":182,"column":15},"end":{"line":182,"column":15}}]},"39":{"line":182,"type":"binary-expr","locations":[{"start":{"line":182,"column":19},"end":{"line":182,"column":54}},{"start":{"line":182,"column":58},"end":{"line":182,"column":96}},{"start":{"line":182,"column":101},"end":{"line":182,"column":119}},{"start":{"line":182,"column":123},"end":{"line":182,"column":168}}]},"40":{"line":187,"type":"if","locations":[{"start":{"line":187,"column":8},"end":{"line":187,"column":8}},{"start":{"line":187,"column":8},"end":{"line":187,"column":8}}]},"41":{"line":191,"type":"if","locations":[{"start":{"line":191,"column":4},"end":{"line":191,"column":4}},{"start":{"line":191,"column":4},"end":{"line":191,"column":4}}]},"42":{"line":191,"type":"binary-expr","locations":[{"start":{"line":191,"column":9},"end":{"line":191,"column":38}},{"start":{"line":191,"column":42},"end":{"line":191,"column":82}},{"start":{"line":191,"column":87},"end":{"line":191,"column":130}}]},"43":{"line":196,"type":"binary-expr","locations":[{"start":{"line":196,"column":32},"end":{"line":196,"column":57}},{"start":{"line":196,"column":61},"end":{"line":196,"column":67}}]},"44":{"line":197,"type":"binary-expr","locations":[{"start":{"line":197,"column":35},"end":{"line":197,"column":63}},{"start":{"line":197,"column":67},"end":{"line":197,"column":72}}]},"45":{"line":198,"type":"binary-expr","locations":[{"start":{"line":198,"column":33},"end":{"line":198,"column":59}},{"start":{"line":198,"column":63},"end":{"line":198,"column":111}}]},"46":{"line":199,"type":"if","locations":[{"start":{"line":199,"column":4},"end":{"line":199,"column":4}},{"start":{"line":199,"column":4},"end":{"line":199,"column":4}}]},"47":{"line":199,"type":"binary-expr","locations":[{"start":{"line":199,"column":8},"end":{"line":199,"column":25}},{"start":{"line":199,"column":29},"end":{"line":199,"column":73}}]},"48":{"line":201,"type":"if","locations":[{"start":{"line":201,"column":12},"end":{"line":201,"column":12}},{"start":{"line":201,"column":12},"end":{"line":201,"column":12}}]},"49":{"line":213,"type":"if","locations":[{"start":{"line":213,"column":8},"end":{"line":213,"column":8}},{"start":{"line":213,"column":8},"end":{"line":213,"column":8}}]},"50":{"line":213,"type":"binary-expr","locations":[{"start":{"line":213,"column":12},"end":{"line":213,"column":44}},{"start":{"line":213,"column":49},"end":{"line":213,"column":66}},{"start":{"line":213,"column":70},"end":{"line":213,"column":107}},{"start":{"line":213,"column":112},"end":{"line":213,"column":141}},{"start":{"line":213,"column":145},"end":{"line":213,"column":180}}]},"51":{"line":214,"type":"if","locations":[{"start":{"line":214,"column":12},"end":{"line":214,"column":12}},{"start":{"line":214,"column":12},"end":{"line":214,"column":12}}]},"52":{"line":219,"type":"binary-expr","locations":[{"start":{"line":219,"column":17},"end":{"line":219,"column":34}},{"start":{"line":219,"column":38},"end":{"line":219,"column":50}}]},"53":{"line":229,"type":"if","locations":[{"start":{"line":229,"column":12},"end":{"line":229,"column":12}},{"start":{"line":229,"column":12},"end":{"line":229,"column":12}}]},"54":{"line":234,"type":"if","locations":[{"start":{"line":234,"column":12},"end":{"line":234,"column":12}},{"start":{"line":234,"column":12},"end":{"line":234,"column":12}}]},"55":{"line":234,"type":"binary-expr","locations":[{"start":{"line":234,"column":16},"end":{"line":234,"column":36}},{"start":{"line":234,"column":40},"end":{"line":234,"column":64}}]},"56":{"line":238,"type":"if","locations":[{"start":{"line":238,"column":12},"end":{"line":238,"column":12}},{"start":{"line":238,"column":12},"end":{"line":238,"column":12}}]},"57":{"line":268,"type":"if","locations":[{"start":{"line":268,"column":16},"end":{"line":268,"column":16}},{"start":{"line":268,"column":16},"end":{"line":268,"column":16}}]},"58":{"line":269,"type":"binary-expr","locations":[{"start":{"line":269,"column":61},"end":{"line":269,"column":74}},{"start":{"line":269,"column":78},"end":{"line":269,"column":80}}]},"59":{"line":273,"type":"binary-expr","locations":[{"start":{"line":273,"column":50},"end":{"line":273,"column":72}},{"start":{"line":273,"column":76},"end":{"line":273,"column":83}}]},"60":{"line":274,"type":"binary-expr","locations":[{"start":{"line":274,"column":40},"end":{"line":274,"column":53}},{"start":{"line":274,"column":57},"end":{"line":274,"column":59}}]},"61":{"line":277,"type":"if","locations":[{"start":{"line":277,"column":24},"end":{"line":277,"column":24}},{"start":{"line":277,"column":24},"end":{"line":277,"column":24}}]},"62":{"line":304,"type":"if","locations":[{"start":{"line":304,"column":12},"end":{"line":304,"column":12}},{"start":{"line":304,"column":12},"end":{"line":304,"column":12}}]},"63":{"line":307,"type":"binary-expr","locations":[{"start":{"line":307,"column":19},"end":{"line":307,"column":26}},{"start":{"line":307,"column":30},"end":{"line":307,"column":65}}]},"64":{"line":314,"type":"if","locations":[{"start":{"line":314,"column":12},"end":{"line":314,"column":12}},{"start":{"line":314,"column":12},"end":{"line":314,"column":12}}]},"65":{"line":319,"type":"binary-expr","locations":[{"start":{"line":319,"column":62},"end":{"line":319,"column":104}},{"start":{"line":319,"column":108},"end":{"line":319,"column":110}}]},"66":{"line":356,"type":"if","locations":[{"start":{"line":356,"column":20},"end":{"line":356,"column":20}},{"start":{"line":356,"column":20},"end":{"line":356,"column":20}}]},"67":{"line":356,"type":"binary-expr","locations":[{"start":{"line":356,"column":24},"end":{"line":356,"column":38}},{"start":{"line":356,"column":42},"end":{"line":356,"column":63}}]},"68":{"line":366,"type":"if","locations":[{"start":{"line":366,"column":24},"end":{"line":366,"column":24}},{"start":{"line":366,"column":24},"end":{"line":366,"column":24}}]},"69":{"line":378,"type":"if","locations":[{"start":{"line":378,"column":24},"end":{"line":378,"column":24}},{"start":{"line":378,"column":24},"end":{"line":378,"column":24}}]},"70":{"line":388,"type":"binary-expr","locations":[{"start":{"line":388,"column":39},"end":{"line":388,"column":70}},{"start":{"line":388,"column":74},"end":{"line":388,"column":113}}]},"71":{"line":402,"type":"binary-expr","locations":[{"start":{"line":402,"column":50},"end":{"line":402,"column":66}},{"start":{"line":402,"column":70},"end":{"line":402,"column":115}}]},"72":{"line":407,"type":"if","locations":[{"start":{"line":407,"column":28},"end":{"line":407,"column":28}},{"start":{"line":407,"column":28},"end":{"line":407,"column":28}}]},"73":{"line":408,"type":"if","locations":[{"start":{"line":408,"column":32},"end":{"line":408,"column":32}},{"start":{"line":408,"column":32},"end":{"line":408,"column":32}}]},"74":{"line":411,"type":"if","locations":[{"start":{"line":411,"column":32},"end":{"line":411,"column":32}},{"start":{"line":411,"column":32},"end":{"line":411,"column":32}}]},"75":{"line":415,"type":"if","locations":[{"start":{"line":415,"column":28},"end":{"line":415,"column":28}},{"start":{"line":415,"column":28},"end":{"line":415,"column":28}}]},"76":{"line":418,"type":"cond-expr","locations":[{"start":{"line":418,"column":52},"end":{"line":418,"column":57}},{"start":{"line":418,"column":60},"end":{"line":418,"column":64}}]},"77":{"line":421,"type":"binary-expr","locations":[{"start":{"line":421,"column":38},"end":{"line":421,"column":42}},{"start":{"line":421,"column":47},"end":{"line":421,"column":78}}]},"78":{"line":421,"type":"cond-expr","locations":[{"start":{"line":421,"column":70},"end":{"line":421,"column":73}},{"start":{"line":421,"column":76},"end":{"line":421,"column":78}}]},"79":{"line":447,"type":"if","locations":[{"start":{"line":447,"column":24},"end":{"line":447,"column":24}},{"start":{"line":447,"column":24},"end":{"line":447,"column":24}}]},"80":{"line":451,"type":"if","locations":[{"start":{"line":451,"column":28},"end":{"line":451,"column":28}},{"start":{"line":451,"column":28},"end":{"line":451,"column":28}}]},"81":{"line":454,"type":"if","locations":[{"start":{"line":454,"column":28},"end":{"line":454,"column":28}},{"start":{"line":454,"column":28},"end":{"line":454,"column":28}}]},"82":{"line":459,"type":"binary-expr","locations":[{"start":{"line":459,"column":47},"end":{"line":459,"column":65}},{"start":{"line":459,"column":69},"end":{"line":459,"column":101}}]},"83":{"line":460,"type":"if","locations":[{"start":{"line":460,"column":32},"end":{"line":460,"column":32}},{"start":{"line":460,"column":32},"end":{"line":460,"column":32}}]},"84":{"line":481,"type":"if","locations":[{"start":{"line":481,"column":24},"end":{"line":481,"column":24}},{"start":{"line":481,"column":24},"end":{"line":481,"column":24}}]},"85":{"line":488,"type":"if","locations":[{"start":{"line":488,"column":20},"end":{"line":488,"column":20}},{"start":{"line":488,"column":20},"end":{"line":488,"column":20}}]},"86":{"line":489,"type":"if","locations":[{"start":{"line":489,"column":24},"end":{"line":489,"column":24}},{"start":{"line":489,"column":24},"end":{"line":489,"column":24}}]},"87":{"line":506,"type":"if","locations":[{"start":{"line":506,"column":24},"end":{"line":506,"column":24}},{"start":{"line":506,"column":24},"end":{"line":506,"column":24}}]},"88":{"line":514,"type":"binary-expr","locations":[{"start":{"line":514,"column":43},"end":{"line":514,"column":68}},{"start":{"line":514,"column":72},"end":{"line":514,"column":103}},{"start":{"line":514,"column":107},"end":{"line":514,"column":146}}]},"89":{"line":517,"type":"binary-expr","locations":[{"start":{"line":517,"column":49},"end":{"line":517,"column":67}},{"start":{"line":517,"column":71},"end":{"line":517,"column":98}}]},"90":{"line":520,"type":"binary-expr","locations":[{"start":{"line":520,"column":56},"end":{"line":520,"column":74}},{"start":{"line":520,"column":78},"end":{"line":520,"column":104}}]},"91":{"line":521,"type":"if","locations":[{"start":{"line":521,"column":24},"end":{"line":521,"column":24}},{"start":{"line":521,"column":24},"end":{"line":521,"column":24}}]},"92":{"line":526,"type":"if","locations":[{"start":{"line":526,"column":28},"end":{"line":526,"column":28}},{"start":{"line":526,"column":28},"end":{"line":526,"column":28}}]},"93":{"line":543,"type":"if","locations":[{"start":{"line":543,"column":32},"end":{"line":543,"column":32}},{"start":{"line":543,"column":32},"end":{"line":543,"column":32}}]},"94":{"line":544,"type":"binary-expr","locations":[{"start":{"line":544,"column":89},"end":{"line":544,"column":114}},{"start":{"line":544,"column":118},"end":{"line":544,"column":120}}]},"95":{"line":555,"type":"if","locations":[{"start":{"line":555,"column":36},"end":{"line":555,"column":36}},{"start":{"line":555,"column":36},"end":{"line":555,"column":36}}]},"96":{"line":565,"type":"if","locations":[{"start":{"line":565,"column":32},"end":{"line":565,"column":32}},{"start":{"line":565,"column":32},"end":{"line":565,"column":32}}]},"97":{"line":571,"type":"if","locations":[{"start":{"line":571,"column":36},"end":{"line":571,"column":36}},{"start":{"line":571,"column":36},"end":{"line":571,"column":36}}]},"98":{"line":579,"type":"if","locations":[{"start":{"line":579,"column":40},"end":{"line":579,"column":40}},{"start":{"line":579,"column":40},"end":{"line":579,"column":40}}]},"99":{"line":592,"type":"if","locations":[{"start":{"line":592,"column":28},"end":{"line":592,"column":28}},{"start":{"line":592,"column":28},"end":{"line":592,"column":28}}]},"100":{"line":595,"type":"if","locations":[{"start":{"line":595,"column":32},"end":{"line":595,"column":32}},{"start":{"line":595,"column":32},"end":{"line":595,"column":32}}]},"101":{"line":613,"type":"if","locations":[{"start":{"line":613,"column":24},"end":{"line":613,"column":24}},{"start":{"line":613,"column":24},"end":{"line":613,"column":24}}]},"102":{"line":616,"type":"if","locations":[{"start":{"line":616,"column":28},"end":{"line":616,"column":28}},{"start":{"line":616,"column":28},"end":{"line":616,"column":28}}]},"103":{"line":618,"type":"binary-expr","locations":[{"start":{"line":618,"column":61},"end":{"line":618,"column":79}},{"start":{"line":618,"column":83},"end":{"line":618,"column":110}}]},"104":{"line":619,"type":"binary-expr","locations":[{"start":{"line":619,"column":68},"end":{"line":619,"column":86}},{"start":{"line":619,"column":90},"end":{"line":619,"column":116}}]}}}}