{"/home/andreas/work/unexpected-mitm/bootstrap-unexpected-markdown.js":{"path":"/home/andreas/work/unexpected-mitm/bootstrap-unexpected-markdown.js","s":{"1":1,"2":1,"3":1},"b":{},"f":{},"fnMap":{},"statementMap":{"1":{"start":{"line":2,"column":0},"end":{"line":2,"column":35}},"2":{"start":{"line":3,"column":0},"end":{"line":3,"column":38}},"3":{"start":{"line":4,"column":0},"end":{"line":4,"column":58}}},"branchMap":{}},"/home/andreas/work/unexpected-mitm/lib/unexpectedMitm.js":{"path":"/home/andreas/work/unexpected-mitm/lib/unexpectedMitm.js","s":{"1":1,"2":1,"3":2,"4":1,"5":5,"6":5,"7":16,"8":5,"9":1,"10":1,"11":1,"12":7,"13":0,"14":1,"15":1,"16":6,"17":5,"18":4,"19":1,"20":1,"21":5,"22":0,"23":0,"24":0,"25":0,"26":6,"27":0,"28":6,"29":5,"30":5,"31":5,"32":5,"33":5,"34":0,"35":6,"36":0,"37":0,"38":6,"39":0,"40":0,"41":0,"42":0,"43":6,"44":1,"45":3,"46":1,"47":46,"48":1,"49":1,"50":46,"51":46,"52":46,"53":92,"54":46,"55":46,"56":46,"57":40,"58":40,"59":46,"60":46,"61":46,"62":46,"63":46,"64":1,"65":46,"66":27,"67":19,"68":16,"69":46,"70":43,"71":43,"72":43,"73":36,"74":36,"75":3,"76":46,"77":9,"78":9,"79":9,"80":1,"81":8,"82":9,"83":9,"84":0,"85":9,"86":2,"87":9,"88":46,"89":46,"90":2,"91":2,"92":0,"93":2,"94":46,"95":1,"96":76,"97":38,"98":76,"99":7,"100":7,"101":7,"102":76,"103":76,"104":76,"105":76,"106":76,"107":76,"108":1,"109":43,"110":43,"111":43,"112":129,"113":129,"114":53,"115":20,"116":53,"117":38,"118":38,"119":53,"120":53,"121":0,"122":53,"123":38,"124":1,"125":0,"126":0,"127":0,"128":0,"129":0,"130":0,"131":0,"132":0,"133":0,"134":0,"135":1,"136":1,"137":1,"138":1,"139":0,"140":0,"141":0,"142":1,"143":0,"144":0,"145":0,"146":0,"147":0,"148":0,"149":0,"150":0,"151":0,"152":0,"153":0,"154":0,"155":1,"156":0,"157":0,"158":1,"159":0,"160":1,"161":0,"162":0,"163":0,"164":0,"165":0,"166":0,"167":0,"168":0,"169":0,"170":0,"171":0,"172":0,"173":0,"174":1,"175":53,"176":53,"177":53,"178":10,"179":50,"180":3,"181":1,"182":39,"183":39,"184":39,"185":1,"186":38,"187":39,"188":39,"189":5,"190":5,"191":3,"192":5,"193":5,"194":39,"195":5,"196":3,"197":39,"198":1,"199":0,"200":0,"201":0,"202":0,"203":0,"204":0,"205":0,"206":0,"207":1,"208":3,"209":3,"210":1,"211":3,"212":1,"213":0,"214":0,"215":0,"216":0,"217":3,"218":3,"219":6,"220":3,"221":3,"222":3,"223":3,"224":3,"225":3,"226":3,"227":3,"228":0,"229":3,"230":3,"231":3,"232":3,"233":3,"234":3,"235":3,"236":2,"237":3,"238":0,"239":3,"240":2,"241":2,"242":2,"243":2,"244":0,"245":2,"246":2,"247":2,"248":2,"249":6,"250":2,"251":1,"252":1,"253":3,"254":3,"255":3,"256":3,"257":3,"258":3,"259":3,"260":3,"261":3,"262":1,"263":1,"264":3,"265":3,"266":0,"267":0,"268":3,"269":3,"270":0,"271":0,"272":0,"273":3,"274":43,"275":43,"276":43,"277":1,"278":46,"279":1,"280":3,"281":3,"282":43,"283":36,"284":0,"285":36,"286":7,"287":43,"288":43,"289":43,"290":43,"291":43,"292":0,"293":43,"294":43,"295":43,"296":43,"297":0,"298":43,"299":43,"300":1,"301":43,"302":1,"303":43,"304":43,"305":43,"306":42,"307":1,"308":37,"309":37,"310":37,"311":35,"312":35,"313":15,"314":15,"315":15,"316":35,"317":35,"318":15,"319":15,"320":20,"321":1,"322":37,"323":5,"324":5,"325":5,"326":32,"327":43,"328":38,"329":38,"330":38,"331":43,"332":7,"333":7,"334":1,"335":36,"336":1,"337":43,"338":43,"339":43,"340":43,"341":43,"342":43,"343":3,"344":3,"345":3,"346":3,"347":3,"348":3,"349":40,"350":40,"351":40},"b":{"1":[0,7],"2":[5,1],"3":[4,1],"4":[1,0],"5":[1,1],"6":[0,5],"7":[5,0],"8":[0,0],"9":[0,6],"10":[5,1],"11":[0,5],"12":[0,6],"13":[6,3],"14":[0,6],"15":[0,0],"16":[0,0],"17":[46,0],"18":[138,47],"19":[27,19],"20":[16,3],"21":[19,16],"22":[43,3],"23":[43,0],"24":[36,7],"25":[36,36],"26":[9,37],"27":[9,8],"28":[8,1],"29":[9,9],"30":[0,9],"31":[9,0],"32":[2,7],"33":[9,2],"34":[2,44],"35":[46,46,5,2,2,2],"36":[2,2],"37":[2,0],"38":[38,38],"39":[7,69],"40":[76,75,16,10,10],"41":[76,50],"42":[76,76],"43":[76,76],"44":[76,76],"45":[20,33],"46":[53,53],"47":[12,8],"48":[38,15],"49":[0,53],"50":[38,15],"51":[0,0],"52":[0,0],"53":[0,0],"54":[0,0],"55":[0,0],"56":[0,0],"57":[0,0],"58":[0,0],"59":[0,0],"60":[0,0],"61":[0,0],"62":[1,38],"63":[5,34],"64":[39,38,38,16],"65":[3,2],"66":[5,0],"67":[5,34],"68":[39,38,35,34,12,6,6],"69":[3,2],"70":[0,0],"71":[3,3],"72":[3,1],"73":[0,3],"74":[3,3],"75":[3,0],"76":[3,0],"77":[2,1],"78":[0,3],"79":[1,2],"80":[3,1],"81":[0,1],"82":[0,2],"83":[3,0],"84":[3,0],"85":[0,3],"86":[3,0],"87":[0,3],"88":[0,0],"89":[36,7],"90":[0,36],"91":[0,43],"92":[43,43,2],"93":[43,42],"94":[43,42],"95":[0,43],"96":[1,42],"97":[43,3],"98":[42,1],"99":[43,42],"100":[42,0],"101":[35,2],"102":[15,20],"103":[35,16],"104":[1,19],"105":[1,0],"106":[5,32],"107":[7,36],"108":[3,40],"109":[3,3],"110":[3,3],"111":[3,3]},"f":{"1":2,"2":5,"3":16,"4":1,"5":7,"6":6,"7":3,"8":46,"9":92,"10":46,"11":40,"12":46,"13":46,"14":1,"15":0,"16":76,"17":43,"18":129,"19":53,"20":0,"21":0,"22":1,"23":0,"24":0,"25":0,"26":0,"27":0,"28":0,"29":0,"30":0,"31":0,"32":53,"33":53,"34":10,"35":50,"36":3,"37":39,"38":39,"39":5,"40":39,"41":0,"42":0,"43":0,"44":0,"45":3,"46":3,"47":3,"48":0,"49":6,"50":3,"51":3,"52":2,"53":2,"54":2,"55":6,"56":1,"57":3,"58":3,"59":3,"60":3,"61":43,"62":43,"63":46,"64":3,"65":43,"66":43,"67":43,"68":43,"69":37,"70":37,"71":15,"72":15,"73":5,"74":38,"75":0,"76":7,"77":1,"78":43,"79":43,"80":43,"81":3,"82":3,"83":40},"fnMap":{"1":{"name":"isRegExp","line":16,"loc":{"start":{"line":16,"column":0},"end":{"line":16,"column":23}}},"2":{"name":"formatHeaderObj","line":20,"loc":{"start":{"line":20,"column":0},"end":{"line":20,"column":36}}},"3":{"name":"(anonymous_3)","line":22,"loc":{"start":{"line":22,"column":35},"end":{"line":22,"column":57}}},"4":{"name":"bufferCanBeInterpretedAsUtf8","line":28,"loc":{"start":{"line":28,"column":0},"end":{"line":28,"column":46}}},"5":{"name":"(anonymous_5)","line":32,"loc":{"start":{"line":32,"column":60},"end":{"line":32,"column":77}}},"6":{"name":"trimMessage","line":41,"loc":{"start":{"line":41,"column":0},"end":{"line":41,"column":30}}},"7":{"name":"trimRecordedExchange","line":84,"loc":{"start":{"line":84,"column":0},"end":{"line":84,"column":48}}},"8":{"name":"createSerializedRequestHandler","line":91,"loc":{"start":{"line":91,"column":0},"end":{"line":91,"column":51}}},"9":{"name":"processNextRequest","line":95,"loc":{"start":{"line":95,"column":4},"end":{"line":95,"column":34}}},"10":{"name":"cleanUpAndProceed","line":96,"loc":{"start":{"line":96,"column":8},"end":{"line":96,"column":37}}},"11":{"name":"(anonymous_11)","line":108,"loc":{"start":{"line":108,"column":22},"end":{"line":108,"column":34}}},"12":{"name":"(anonymous_12)","line":118,"loc":{"start":{"line":118,"column":11},"end":{"line":118,"column":31}}},"13":{"name":"resolveExpectedRequestProperties","line":124,"loc":{"start":{"line":124,"column":0},"end":{"line":124,"column":69}}},"14":{"name":"(anonymous_14)","line":144,"loc":{"start":{"line":144,"column":65},"end":{"line":144,"column":80}}},"15":{"name":"(anonymous_15)","line":163,"loc":{"start":{"line":163,"column":65},"end":{"line":163,"column":80}}},"16":{"name":"createMockResponse","line":172,"loc":{"start":{"line":172,"column":0},"end":{"line":172,"column":48}}},"17":{"name":"attachResponseHooks","line":191,"loc":{"start":{"line":191,"column":0},"end":{"line":191,"column":44}}},"18":{"name":"(anonymous_18)","line":195,"loc":{"start":{"line":195,"column":40},"end":{"line":195,"column":62}}},"19":{"name":"(anonymous_19)","line":197,"loc":{"start":{"line":197,"column":26},"end":{"line":197,"column":53}}},"20":{"name":"determineInjectionCallsite","line":233,"loc":{"start":{"line":233,"column":0},"end":{"line":233,"column":43}}},"21":{"name":"(anonymous_21)","line":239,"loc":{"start":{"line":239,"column":15},"end":{"line":239,"column":37}}},"22":{"name":"(anonymous_22)","line":262,"loc":{"start":{"line":262,"column":17},"end":{"line":262,"column":35}}},"23":{"name":"(anonymous_23)","line":270,"loc":{"start":{"line":270,"column":22},"end":{"line":270,"column":37}}},"24":{"name":"(anonymous_24)","line":273,"loc":{"start":{"line":273,"column":20},"end":{"line":273,"column":38}}},"25":{"name":"(anonymous_25)","line":276,"loc":{"start":{"line":276,"column":20},"end":{"line":276,"column":38}}},"26":{"name":"(anonymous_26)","line":285,"loc":{"start":{"line":285,"column":22},"end":{"line":285,"column":37}}},"27":{"name":"(anonymous_27)","line":288,"loc":{"start":{"line":288,"column":21},"end":{"line":288,"column":62}}},"28":{"name":"(anonymous_28)","line":298,"loc":{"start":{"line":298,"column":33},"end":{"line":298,"column":51}}},"29":{"name":"stringify","line":312,"loc":{"start":{"line":312,"column":8},"end":{"line":312,"column":50}}},"30":{"name":"(anonymous_30)","line":318,"loc":{"start":{"line":318,"column":40},"end":{"line":318,"column":66}}},"31":{"name":"injectRecordedExchanges","line":322,"loc":{"start":{"line":322,"column":8},"end":{"line":322,"column":79}}},"32":{"name":"consumeReadableStream","line":355,"loc":{"start":{"line":355,"column":8},"end":{"line":355,"column":55}}},"33":{"name":"(anonymous_33)","line":356,"loc":{"start":{"line":356,"column":34},"end":{"line":356,"column":61}}},"34":{"name":"(anonymous_34)","line":358,"loc":{"start":{"line":358,"column":42},"end":{"line":358,"column":59}}},"35":{"name":"(anonymous_35)","line":360,"loc":{"start":{"line":360,"column":29},"end":{"line":360,"column":41}}},"36":{"name":"(anonymous_36)","line":362,"loc":{"start":{"line":362,"column":31},"end":{"line":362,"column":46}}},"37":{"name":"getMockResponse","line":368,"loc":{"start":{"line":368,"column":8},"end":{"line":368,"column":53}}},"38":{"name":"(anonymous_38)","line":377,"loc":{"start":{"line":377,"column":34},"end":{"line":377,"column":46}}},"39":{"name":"(anonymous_39)","line":379,"loc":{"start":{"line":379,"column":73},"end":{"line":379,"column":91}}},"40":{"name":"(anonymous_40)","line":388,"loc":{"start":{"line":388,"column":20},"end":{"line":388,"column":32}}},"41":{"name":"applyInjections","line":398,"loc":{"start":{"line":398,"column":8},"end":{"line":398,"column":35}}},"42":{"name":"(anonymous_42)","line":399,"loc":{"start":{"line":399,"column":60},"end":{"line":399,"column":86}}},"43":{"name":"(anonymous_43)","line":403,"loc":{"start":{"line":403,"column":32},"end":{"line":403,"column":48}}},"44":{"name":"(anonymous_44)","line":405,"loc":{"start":{"line":405,"column":27},"end":{"line":405,"column":48}}},"45":{"name":"executeMitm","line":414,"loc":{"start":{"line":414,"column":8},"end":{"line":414,"column":46}}},"46":{"name":"(anonymous_46)","line":419,"loc":{"start":{"line":419,"column":34},"end":{"line":419,"column":61}}},"47":{"name":"cleanUp","line":420,"loc":{"start":{"line":420,"column":16},"end":{"line":420,"column":35}}},"48":{"name":"handleError","line":424,"loc":{"start":{"line":424,"column":16},"end":{"line":424,"column":42}}},"49":{"name":"(anonymous_49)","line":436,"loc":{"start":{"line":436,"column":35},"end":{"line":436,"column":59}}},"50":{"name":"(anonymous_50)","line":444,"loc":{"start":{"line":444,"column":64},"end":{"line":444,"column":84}}},"51":{"name":"(anonymous_51)","line":458,"loc":{"start":{"line":458,"column":79},"end":{"line":458,"column":97}}},"52":{"name":"(anonymous_52)","line":487,"loc":{"start":{"line":487,"column":53},"end":{"line":487,"column":73}}},"53":{"name":"(anonymous_53)","line":490,"loc":{"start":{"line":490,"column":85},"end":{"line":490,"column":103}}},"54":{"name":"(anonymous_54)","line":496,"loc":{"start":{"line":496,"column":45},"end":{"line":496,"column":57}}},"55":{"name":"(anonymous_55)","line":498,"loc":{"start":{"line":498,"column":74},"end":{"line":498,"column":96}}},"56":{"name":"(anonymous_56)","line":504,"loc":{"start":{"line":504,"column":39},"end":{"line":504,"column":54}}},"57":{"name":"(anonymous_57)","line":511,"loc":{"start":{"line":511,"column":31},"end":{"line":511,"column":43}}},"58":{"name":"(anonymous_58)","line":513,"loc":{"start":{"line":513,"column":44},"end":{"line":513,"column":56}}},"59":{"name":"(anonymous_59)","line":531,"loc":{"start":{"line":531,"column":81},"end":{"line":531,"column":108}}},"60":{"name":"(anonymous_60)","line":540,"loc":{"start":{"line":540,"column":57},"end":{"line":540,"column":86}}},"61":{"name":"(anonymous_61)","line":550,"loc":{"start":{"line":550,"column":83},"end":{"line":550,"column":131}}},"62":{"name":"(anonymous_62)","line":554,"loc":{"start":{"line":554,"column":38},"end":{"line":554,"column":65}}},"63":{"name":"cleanUp","line":555,"loc":{"start":{"line":555,"column":20},"end":{"line":555,"column":39}}},"64":{"name":"handleError","line":559,"loc":{"start":{"line":559,"column":20},"end":{"line":559,"column":46}}},"65":{"name":"(anonymous_65)","line":580,"loc":{"start":{"line":580,"column":39},"end":{"line":580,"column":63}}},"66":{"name":"(anonymous_66)","line":589,"loc":{"start":{"line":589,"column":68},"end":{"line":589,"column":88}}},"67":{"name":"(anonymous_67)","line":603,"loc":{"start":{"line":603,"column":76},"end":{"line":603,"column":94}}},"68":{"name":"assertMockResponse","line":618,"loc":{"start":{"line":618,"column":28},"end":{"line":618,"column":89}}},"69":{"name":"deliverMockResponse","line":642,"loc":{"start":{"line":642,"column":28},"end":{"line":642,"column":90}}},"70":{"name":"(anonymous_70)","line":643,"loc":{"start":{"line":643,"column":45},"end":{"line":643,"column":57}}},"71":{"name":"(anonymous_71)","line":647,"loc":{"start":{"line":647,"column":80},"end":{"line":647,"column":102}}},"72":{"name":"(anonymous_72)","line":648,"loc":{"start":{"line":648,"column":92},"end":{"line":648,"column":109}}},"73":{"name":"(anonymous_73)","line":662,"loc":{"start":{"line":662,"column":53},"end":{"line":662,"column":65}}},"74":{"name":"(anonymous_74)","line":676,"loc":{"start":{"line":676,"column":76},"end":{"line":676,"column":98}}},"75":{"name":"(anonymous_75)","line":679,"loc":{"start":{"line":679,"column":99},"end":{"line":679,"column":111}}},"76":{"name":"(anonymous_76)","line":684,"loc":{"start":{"line":684,"column":47},"end":{"line":684,"column":59}}},"77":{"name":"(anonymous_77)","line":686,"loc":{"start":{"line":686,"column":42},"end":{"line":686,"column":57}}},"78":{"name":"handleSuccess","line":696,"loc":{"start":{"line":696,"column":20},"end":{"line":696,"column":45}}},"79":{"name":"(anonymous_79)","line":701,"loc":{"start":{"line":701,"column":35},"end":{"line":701,"column":47}}},"80":{"name":"(anonymous_80)","line":703,"loc":{"start":{"line":703,"column":48},"end":{"line":703,"column":60}}},"81":{"name":"(anonymous_81)","line":714,"loc":{"start":{"line":714,"column":67},"end":{"line":714,"column":101}}},"82":{"name":"(anonymous_82)","line":720,"loc":{"start":{"line":720,"column":87},"end":{"line":720,"column":130}}},"83":{"name":"(anonymous_83)","line":732,"loc":{"start":{"line":732,"column":26},"end":{"line":732,"column":83}}}},"statementMap":{"1":{"start":{"line":2,"column":0},"end":{"line":14,"column":97}},"2":{"start":{"line":16,"column":0},"end":{"line":18,"column":1}},"3":{"start":{"line":17,"column":4},"end":{"line":17,"column":69}},"4":{"start":{"line":20,"column":0},"end":{"line":26,"column":1}},"5":{"start":{"line":21,"column":4},"end":{"line":21,"column":20}},"6":{"start":{"line":22,"column":4},"end":{"line":24,"column":7}},"7":{"start":{"line":23,"column":8},"end":{"line":23,"column":75}},"8":{"start":{"line":25,"column":4},"end":{"line":25,"column":18}},"9":{"start":{"line":28,"column":0},"end":{"line":39,"column":1}},"10":{"start":{"line":31,"column":4},"end":{"line":37,"column":5}},"11":{"start":{"line":32,"column":8},"end":{"line":34,"column":21}},"12":{"start":{"line":33,"column":12},"end":{"line":33,"column":70}},"13":{"start":{"line":36,"column":8},"end":{"line":36,"column":21}},"14":{"start":{"line":38,"column":4},"end":{"line":38,"column":16}},"15":{"start":{"line":41,"column":0},"end":{"line":82,"column":1}},"16":{"start":{"line":42,"column":4},"end":{"line":56,"column":5}},"17":{"start":{"line":43,"column":8},"end":{"line":47,"column":9}},"18":{"start":{"line":44,"column":12},"end":{"line":44,"column":32}},"19":{"start":{"line":45,"column":15},"end":{"line":47,"column":9}},"20":{"start":{"line":46,"column":12},"end":{"line":46,"column":58}},"21":{"start":{"line":48,"column":8},"end":{"line":55,"column":9}},"22":{"start":{"line":49,"column":12},"end":{"line":54,"column":26}},"23":{"start":{"line":50,"column":16},"end":{"line":50,"column":56}},"24":{"start":{"line":51,"column":16},"end":{"line":53,"column":17}},"25":{"start":{"line":52,"column":20},"end":{"line":52,"column":59}},"26":{"start":{"line":57,"column":4},"end":{"line":59,"column":5}},"27":{"start":{"line":58,"column":8},"end":{"line":58,"column":34}},"28":{"start":{"line":60,"column":4},"end":{"line":68,"column":5}},"29":{"start":{"line":61,"column":8},"end":{"line":61,"column":49}},"30":{"start":{"line":62,"column":8},"end":{"line":62,"column":52}},"31":{"start":{"line":63,"column":8},"end":{"line":63,"column":45}},"32":{"start":{"line":64,"column":8},"end":{"line":64,"column":39}},"33":{"start":{"line":65,"column":8},"end":{"line":67,"column":9}},"34":{"start":{"line":66,"column":12},"end":{"line":66,"column":35}},"35":{"start":{"line":69,"column":4},"end":{"line":72,"column":5}},"36":{"start":{"line":70,"column":8},"end":{"line":70,"column":57}},"37":{"start":{"line":71,"column":8},"end":{"line":71,"column":30}},"38":{"start":{"line":73,"column":4},"end":{"line":80,"column":5}},"39":{"start":{"line":74,"column":8},"end":{"line":76,"column":9}},"40":{"start":{"line":75,"column":12},"end":{"line":75,"column":31}},"41":{"start":{"line":77,"column":8},"end":{"line":79,"column":9}},"42":{"start":{"line":78,"column":12},"end":{"line":78,"column":38}},"43":{"start":{"line":81,"column":4},"end":{"line":81,"column":19}},"44":{"start":{"line":84,"column":0},"end":{"line":89,"column":1}},"45":{"start":{"line":85,"column":4},"end":{"line":88,"column":6}},"46":{"start":{"line":91,"column":0},"end":{"line":122,"column":1}},"47":{"start":{"line":92,"column":4},"end":{"line":93,"column":26}},"48":{"start":{"line":95,"column":4},"end":{"line":116,"column":5}},"49":{"start":{"line":96,"column":8},"end":{"line":101,"column":9}},"50":{"start":{"line":97,"column":12},"end":{"line":100,"column":13}},"51":{"start":{"line":98,"column":16},"end":{"line":98,"column":38}},"52":{"start":{"line":99,"column":16},"end":{"line":99,"column":49}},"53":{"start":{"line":102,"column":8},"end":{"line":115,"column":9}},"54":{"start":{"line":103,"column":12},"end":{"line":103,"column":33}},"55":{"start":{"line":104,"column":12},"end":{"line":107,"column":33}},"56":{"start":{"line":108,"column":12},"end":{"line":111,"column":14}},"57":{"start":{"line":109,"column":16},"end":{"line":109,"column":46}},"58":{"start":{"line":110,"column":16},"end":{"line":110,"column":36}},"59":{"start":{"line":113,"column":12},"end":{"line":113,"column":47}},"60":{"start":{"line":114,"column":12},"end":{"line":114,"column":32}},"61":{"start":{"line":118,"column":4},"end":{"line":121,"column":6}},"62":{"start":{"line":119,"column":8},"end":{"line":119,"column":38}},"63":{"start":{"line":120,"column":8},"end":{"line":120,"column":29}},"64":{"start":{"line":124,"column":0},"end":{"line":170,"column":1}},"65":{"start":{"line":125,"column":4},"end":{"line":129,"column":5}},"66":{"start":{"line":126,"column":8},"end":{"line":126,"column":71}},"67":{"start":{"line":127,"column":11},"end":{"line":129,"column":5}},"68":{"start":{"line":128,"column":8},"end":{"line":128,"column":76}},"69":{"start":{"line":130,"column":4},"end":{"line":140,"column":5}},"70":{"start":{"line":131,"column":8},"end":{"line":137,"column":9}},"71":{"start":{"line":132,"column":12},"end":{"line":132,"column":90}},"72":{"start":{"line":133,"column":12},"end":{"line":136,"column":13}},"73":{"start":{"line":134,"column":16},"end":{"line":134,"column":102}},"74":{"start":{"line":135,"column":16},"end":{"line":135,"column":63}},"75":{"start":{"line":139,"column":8},"end":{"line":139,"column":39}},"76":{"start":{"line":141,"column":4},"end":{"line":158,"column":5}},"77":{"start":{"line":142,"column":8},"end":{"line":142,"column":68}},"78":{"start":{"line":143,"column":8},"end":{"line":143,"column":84}},"79":{"start":{"line":144,"column":8},"end":{"line":148,"column":9}},"80":{"start":{"line":145,"column":12},"end":{"line":145,"column":48}},"81":{"start":{"line":147,"column":12},"end":{"line":147,"column":65}},"82":{"start":{"line":149,"column":8},"end":{"line":149,"column":91}},"83":{"start":{"line":150,"column":8},"end":{"line":152,"column":9}},"84":{"start":{"line":151,"column":12},"end":{"line":151,"column":71}},"85":{"start":{"line":154,"column":8},"end":{"line":156,"column":9}},"86":{"start":{"line":155,"column":12},"end":{"line":155,"column":55}},"87":{"start":{"line":157,"column":8},"end":{"line":157,"column":52}},"88":{"start":{"line":160,"column":4},"end":{"line":160,"column":61}},"89":{"start":{"line":161,"column":4},"end":{"line":168,"column":5}},"90":{"start":{"line":162,"column":8},"end":{"line":162,"column":84}},"91":{"start":{"line":163,"column":8},"end":{"line":167,"column":9}},"92":{"start":{"line":164,"column":12},"end":{"line":164,"column":56}},"93":{"start":{"line":166,"column":12},"end":{"line":166,"column":83}},"94":{"start":{"line":169,"column":4},"end":{"line":169,"column":37}},"95":{"start":{"line":172,"column":0},"end":{"line":189,"column":1}},"96":{"start":{"line":173,"column":4},"end":{"line":177,"column":5}},"97":{"start":{"line":174,"column":8},"end":{"line":176,"column":10}},"98":{"start":{"line":178,"column":4},"end":{"line":182,"column":5}},"99":{"start":{"line":179,"column":8},"end":{"line":179,"column":62}},"100":{"start":{"line":180,"column":8},"end":{"line":180,"column":67}},"101":{"start":{"line":181,"column":8},"end":{"line":181,"column":39}},"102":{"start":{"line":183,"column":4},"end":{"line":183,"column":66}},"103":{"start":{"line":184,"column":4},"end":{"line":184,"column":61}},"104":{"start":{"line":185,"column":4},"end":{"line":185,"column":68}},"105":{"start":{"line":186,"column":4},"end":{"line":186,"column":73}},"106":{"start":{"line":187,"column":4},"end":{"line":187,"column":106}},"107":{"start":{"line":188,"column":4},"end":{"line":188,"column":24}},"108":{"start":{"line":191,"column":0},"end":{"line":231,"column":1}},"109":{"start":{"line":192,"column":4},"end":{"line":192,"column":25}},"110":{"start":{"line":193,"column":4},"end":{"line":193,"column":24}},"111":{"start":{"line":195,"column":4},"end":{"line":230,"column":7}},"112":{"start":{"line":196,"column":8},"end":{"line":196,"column":35}},"113":{"start":{"line":197,"column":8},"end":{"line":229,"column":10}},"114":{"start":{"line":205,"column":12},"end":{"line":207,"column":13}},"115":{"start":{"line":206,"column":16},"end":{"line":206,"column":84}},"116":{"start":{"line":209,"column":12},"end":{"line":217,"column":13}},"117":{"start":{"line":210,"column":16},"end":{"line":210,"column":32}},"118":{"start":{"line":216,"column":16},"end":{"line":216,"column":58}},"119":{"start":{"line":219,"column":12},"end":{"line":219,"column":58}},"120":{"start":{"line":221,"column":12},"end":{"line":223,"column":13}},"121":{"start":{"line":222,"column":16},"end":{"line":222,"column":27}},"122":{"start":{"line":226,"column":12},"end":{"line":228,"column":13}},"123":{"start":{"line":227,"column":16},"end":{"line":227,"column":35}},"124":{"start":{"line":233,"column":0},"end":{"line":256,"column":1}},"125":{"start":{"line":235,"column":4},"end":{"line":235,"column":18}},"126":{"start":{"line":238,"column":4},"end":{"line":238,"column":26}},"127":{"start":{"line":239,"column":4},"end":{"line":246,"column":7}},"128":{"start":{"line":240,"column":8},"end":{"line":240,"column":53}},"129":{"start":{"line":242,"column":8},"end":{"line":245,"column":9}},"130":{"start":{"line":243,"column":12},"end":{"line":243,"column":36}},"131":{"start":{"line":244,"column":12},"end":{"line":244,"column":24}},"132":{"start":{"line":248,"column":4},"end":{"line":255,"column":5}},"133":{"start":{"line":249,"column":8},"end":{"line":252,"column":10}},"134":{"start":{"line":254,"column":8},"end":{"line":254,"column":20}},"135":{"start":{"line":259,"column":0},"end":{"line":738,"column":2}},"136":{"start":{"line":263,"column":8},"end":{"line":263,"column":58}},"137":{"start":{"line":265,"column":8},"end":{"line":265,"column":48}},"138":{"start":{"line":267,"column":8},"end":{"line":280,"column":11}},"139":{"start":{"line":271,"column":16},"end":{"line":271,"column":44}},"140":{"start":{"line":274,"column":16},"end":{"line":274,"column":65}},"141":{"start":{"line":277,"column":16},"end":{"line":277,"column":30}},"142":{"start":{"line":282,"column":8},"end":{"line":310,"column":11}},"143":{"start":{"line":286,"column":16},"end":{"line":286,"column":51}},"144":{"start":{"line":289,"column":16},"end":{"line":290,"column":44}},"145":{"start":{"line":291,"column":16},"end":{"line":308,"column":17}},"146":{"start":{"line":292,"column":20},"end":{"line":292,"column":93}},"147":{"start":{"line":294,"column":20},"end":{"line":297,"column":73}},"148":{"start":{"line":298,"column":20},"end":{"line":306,"column":23}},"149":{"start":{"line":299,"column":24},"end":{"line":299,"column":36}},"150":{"start":{"line":300,"column":24},"end":{"line":304,"column":25}},"151":{"start":{"line":301,"column":28},"end":{"line":301,"column":54}},"152":{"start":{"line":303,"column":28},"end":{"line":303,"column":79}},"153":{"start":{"line":305,"column":24},"end":{"line":305,"column":79}},"154":{"start":{"line":307,"column":20},"end":{"line":307,"column":56}},"155":{"start":{"line":312,"column":8},"end":{"line":315,"column":9}},"156":{"start":{"line":313,"column":12},"end":{"line":313,"column":74}},"157":{"start":{"line":314,"column":12},"end":{"line":314,"column":78}},"158":{"start":{"line":317,"column":8},"end":{"line":320,"column":15}},"159":{"start":{"line":319,"column":16},"end":{"line":319,"column":64}},"160":{"start":{"line":322,"column":8},"end":{"line":353,"column":9}},"161":{"start":{"line":323,"column":12},"end":{"line":328,"column":58}},"162":{"start":{"line":329,"column":12},"end":{"line":331,"column":13}},"163":{"start":{"line":330,"column":16},"end":{"line":330,"column":57}},"164":{"start":{"line":332,"column":12},"end":{"line":332,"column":41}},"165":{"start":{"line":333,"column":12},"end":{"line":335,"column":13}},"166":{"start":{"line":334,"column":16},"end":{"line":334,"column":25}},"167":{"start":{"line":336,"column":12},"end":{"line":336,"column":85}},"168":{"start":{"line":337,"column":12},"end":{"line":337,"column":41}},"169":{"start":{"line":339,"column":12},"end":{"line":339,"column":66}},"170":{"start":{"line":340,"column":12},"end":{"line":352,"column":13}},"171":{"start":{"line":341,"column":16},"end":{"line":343,"column":49}},"172":{"start":{"line":345,"column":16},"end":{"line":349,"column":19}},"173":{"start":{"line":351,"column":16},"end":{"line":351,"column":222}},"174":{"start":{"line":355,"column":8},"end":{"line":366,"column":9}},"175":{"start":{"line":356,"column":12},"end":{"line":365,"column":15}},"176":{"start":{"line":357,"column":16},"end":{"line":357,"column":32}},"177":{"start":{"line":358,"column":16},"end":{"line":364,"column":19}},"178":{"start":{"line":359,"column":20},"end":{"line":359,"column":39}},"179":{"start":{"line":361,"column":20},"end":{"line":361,"column":61}},"180":{"start":{"line":363,"column":20},"end":{"line":363,"column":73}},"181":{"start":{"line":368,"column":8},"end":{"line":396,"column":9}},"182":{"start":{"line":369,"column":12},"end":{"line":369,"column":29}},"183":{"start":{"line":370,"column":12},"end":{"line":370,"column":34}},"184":{"start":{"line":371,"column":12},"end":{"line":375,"column":13}},"185":{"start":{"line":372,"column":16},"end":{"line":372,"column":55}},"186":{"start":{"line":374,"column":16},"end":{"line":374,"column":70}},"187":{"start":{"line":377,"column":12},"end":{"line":395,"column":15}},"188":{"start":{"line":378,"column":16},"end":{"line":387,"column":17}},"189":{"start":{"line":379,"column":20},"end":{"line":386,"column":23}},"190":{"start":{"line":380,"column":24},"end":{"line":382,"column":25}},"191":{"start":{"line":381,"column":28},"end":{"line":381,"column":61}},"192":{"start":{"line":383,"column":24},"end":{"line":385,"column":25}},"193":{"start":{"line":384,"column":28},"end":{"line":384,"column":69}},"194":{"start":{"line":389,"column":16},"end":{"line":393,"column":17}},"195":{"start":{"line":390,"column":20},"end":{"line":392,"column":21}},"196":{"start":{"line":391,"column":24},"end":{"line":391,"column":85}},"197":{"start":{"line":394,"column":16},"end":{"line":394,"column":59}},"198":{"start":{"line":398,"column":8},"end":{"line":412,"column":9}},"199":{"start":{"line":399,"column":12},"end":{"line":411,"column":15}},"200":{"start":{"line":400,"column":16},"end":{"line":402,"column":31}},"201":{"start":{"line":403,"column":16},"end":{"line":409,"column":19}},"202":{"start":{"line":404,"column":20},"end":{"line":404,"column":41}},"203":{"start":{"line":406,"column":20},"end":{"line":406,"column":53}},"204":{"start":{"line":407,"column":20},"end":{"line":407,"column":127}},"205":{"start":{"line":408,"column":20},"end":{"line":408,"column":78}},"206":{"start":{"line":410,"column":16},"end":{"line":410,"column":70}},"207":{"start":{"line":414,"column":8},"end":{"line":526,"column":9}},"208":{"start":{"line":415,"column":12},"end":{"line":417,"column":39}},"209":{"start":{"line":419,"column":12},"end":{"line":525,"column":15}},"210":{"start":{"line":420,"column":16},"end":{"line":422,"column":17}},"211":{"start":{"line":421,"column":20},"end":{"line":421,"column":35}},"212":{"start":{"line":424,"column":16},"end":{"line":430,"column":17}},"213":{"start":{"line":425,"column":20},"end":{"line":429,"column":21}},"214":{"start":{"line":426,"column":24},"end":{"line":426,"column":46}},"215":{"start":{"line":427,"column":24},"end":{"line":427,"column":34}},"216":{"start":{"line":428,"column":24},"end":{"line":428,"column":36}},"217":{"start":{"line":432,"column":16},"end":{"line":434,"column":46}},"218":{"start":{"line":436,"column":16},"end":{"line":509,"column":20}},"219":{"start":{"line":437,"column":20},"end":{"line":443,"column":21}},"220":{"start":{"line":438,"column":24},"end":{"line":438,"column":40}},"221":{"start":{"line":439,"column":24},"end":{"line":439,"column":50}},"222":{"start":{"line":441,"column":24},"end":{"line":441,"column":52}},"223":{"start":{"line":442,"column":24},"end":{"line":442,"column":57}},"224":{"start":{"line":445,"column":20},"end":{"line":456,"column":26}},"225":{"start":{"line":457,"column":20},"end":{"line":457,"column":61}},"226":{"start":{"line":458,"column":20},"end":{"line":508,"column":23}},"227":{"start":{"line":459,"column":24},"end":{"line":462,"column":25}},"228":{"start":{"line":461,"column":28},"end":{"line":461,"column":61}},"229":{"start":{"line":463,"column":24},"end":{"line":463,"column":68}},"230":{"start":{"line":464,"column":24},"end":{"line":464,"column":49}},"231":{"start":{"line":465,"column":24},"end":{"line":467,"column":33}},"232":{"start":{"line":470,"column":24},"end":{"line":477,"column":25}},"233":{"start":{"line":471,"column":28},"end":{"line":473,"column":29}},"234":{"start":{"line":472,"column":32},"end":{"line":472,"column":58}},"235":{"start":{"line":474,"column":28},"end":{"line":476,"column":29}},"236":{"start":{"line":475,"column":32},"end":{"line":475,"column":72}},"237":{"start":{"line":478,"column":24},"end":{"line":480,"column":25}},"238":{"start":{"line":479,"column":28},"end":{"line":479,"column":165}},"239":{"start":{"line":481,"column":24},"end":{"line":507,"column":62}},"240":{"start":{"line":488,"column":28},"end":{"line":488,"column":87}},"241":{"start":{"line":489,"column":28},"end":{"line":489,"column":98}},"242":{"start":{"line":490,"column":28},"end":{"line":503,"column":31}},"243":{"start":{"line":491,"column":32},"end":{"line":494,"column":33}},"244":{"start":{"line":493,"column":36},"end":{"line":493,"column":69}},"245":{"start":{"line":495,"column":32},"end":{"line":495,"column":77}},"246":{"start":{"line":496,"column":32},"end":{"line":502,"column":35}},"247":{"start":{"line":497,"column":36},"end":{"line":497,"column":73}},"248":{"start":{"line":498,"column":36},"end":{"line":500,"column":39}},"249":{"start":{"line":499,"column":40},"end":{"line":499,"column":96}},"250":{"start":{"line":501,"column":36},"end":{"line":501,"column":76}},"251":{"start":{"line":505,"column":28},"end":{"line":505,"column":60}},"252":{"start":{"line":506,"column":28},"end":{"line":506,"column":66}},"253":{"start":{"line":511,"column":16},"end":{"line":524,"column":19}},"254":{"start":{"line":512,"column":20},"end":{"line":512,"column":42}},"255":{"start":{"line":514,"column":20},"end":{"line":523,"column":21}},"256":{"start":{"line":515,"column":24},"end":{"line":515,"column":46}},"257":{"start":{"line":516,"column":24},"end":{"line":516,"column":34}},"258":{"start":{"line":517,"column":24},"end":{"line":517,"column":88}},"259":{"start":{"line":518,"column":24},"end":{"line":520,"column":25}},"260":{"start":{"line":519,"column":28},"end":{"line":519,"column":69}},"261":{"start":{"line":522,"column":24},"end":{"line":522,"column":51}},"262":{"start":{"line":528,"column":8},"end":{"line":528,"column":41}},"263":{"start":{"line":530,"column":8},"end":{"line":736,"column":15}},"264":{"start":{"line":532,"column":16},"end":{"line":533,"column":64}},"265":{"start":{"line":535,"column":16},"end":{"line":538,"column":17}},"266":{"start":{"line":536,"column":20},"end":{"line":536,"column":43}},"267":{"start":{"line":537,"column":20},"end":{"line":537,"column":48}},"268":{"start":{"line":540,"column":16},"end":{"line":548,"column":19}},"269":{"start":{"line":541,"column":20},"end":{"line":546,"column":21}},"270":{"start":{"line":542,"column":24},"end":{"line":542,"column":82}},"271":{"start":{"line":543,"column":24},"end":{"line":545,"column":25}},"272":{"start":{"line":544,"column":28},"end":{"line":544,"column":90}},"273":{"start":{"line":547,"column":20},"end":{"line":547,"column":45}},"274":{"start":{"line":551,"column":16},"end":{"line":551,"column":44}},"275":{"start":{"line":552,"column":16},"end":{"line":552,"column":40}},"276":{"start":{"line":554,"column":16},"end":{"line":735,"column":19}},"277":{"start":{"line":555,"column":20},"end":{"line":557,"column":21}},"278":{"start":{"line":556,"column":24},"end":{"line":556,"column":39}},"279":{"start":{"line":559,"column":20},"end":{"line":562,"column":21}},"280":{"start":{"line":560,"column":24},"end":{"line":560,"column":34}},"281":{"start":{"line":561,"column":24},"end":{"line":561,"column":36}},"282":{"start":{"line":564,"column":20},"end":{"line":573,"column":21}},"283":{"start":{"line":565,"column":24},"end":{"line":569,"column":25}},"284":{"start":{"line":566,"column":28},"end":{"line":566,"column":53}},"285":{"start":{"line":568,"column":28},"end":{"line":568,"column":72}},"286":{"start":{"line":572,"column":24},"end":{"line":572,"column":75}},"287":{"start":{"line":575,"column":20},"end":{"line":578,"column":50}},"288":{"start":{"line":580,"column":20},"end":{"line":694,"column":24}},"289":{"start":{"line":581,"column":24},"end":{"line":581,"column":52}},"290":{"start":{"line":582,"column":24},"end":{"line":582,"column":57}},"291":{"start":{"line":583,"column":24},"end":{"line":588,"column":25}},"292":{"start":{"line":585,"column":28},"end":{"line":587,"column":58}},"293":{"start":{"line":590,"column":24},"end":{"line":599,"column":99}},"294":{"start":{"line":601,"column":24},"end":{"line":601,"column":139}},"295":{"start":{"line":603,"column":24},"end":{"line":693,"column":27}},"296":{"start":{"line":604,"column":28},"end":{"line":607,"column":29}},"297":{"start":{"line":606,"column":32},"end":{"line":606,"column":65}},"298":{"start":{"line":608,"column":28},"end":{"line":615,"column":41}},"299":{"start":{"line":616,"column":28},"end":{"line":616,"column":87}},"300":{"start":{"line":618,"column":28},"end":{"line":640,"column":29}},"301":{"start":{"line":620,"column":32},"end":{"line":622,"column":33}},"302":{"start":{"line":621,"column":36},"end":{"line":621,"column":56}},"303":{"start":{"line":623,"column":32},"end":{"line":623,"column":143}},"304":{"start":{"line":624,"column":32},"end":{"line":624,"column":78}},"305":{"start":{"line":626,"column":32},"end":{"line":628,"column":33}},"306":{"start":{"line":627,"column":36},"end":{"line":627,"column":123}},"307":{"start":{"line":642,"column":28},"end":{"line":670,"column":29}},"308":{"start":{"line":643,"column":32},"end":{"line":669,"column":35}},"309":{"start":{"line":644,"column":36},"end":{"line":644,"column":69}},"310":{"start":{"line":645,"column":36},"end":{"line":660,"column":37}},"311":{"start":{"line":646,"column":40},"end":{"line":646,"column":81}},"312":{"start":{"line":647,"column":40},"end":{"line":652,"column":43}},"313":{"start":{"line":648,"column":44},"end":{"line":651,"column":47}},"314":{"start":{"line":649,"column":48},"end":{"line":649,"column":76}},"315":{"start":{"line":650,"column":48},"end":{"line":650,"column":81}},"316":{"start":{"line":653,"column":40},"end":{"line":653,"column":87}},"317":{"start":{"line":654,"column":40},"end":{"line":659,"column":41}},"318":{"start":{"line":655,"column":44},"end":{"line":655,"column":72}},"319":{"start":{"line":656,"column":44},"end":{"line":656,"column":69}},"320":{"start":{"line":657,"column":47},"end":{"line":659,"column":41}},"321":{"start":{"line":658,"column":44},"end":{"line":658,"column":81}},"322":{"start":{"line":661,"column":36},"end":{"line":668,"column":37}},"323":{"start":{"line":662,"column":40},"end":{"line":665,"column":43}},"324":{"start":{"line":663,"column":44},"end":{"line":663,"column":96}},"325":{"start":{"line":664,"column":44},"end":{"line":664,"column":96}},"326":{"start":{"line":667,"column":40},"end":{"line":667,"column":50}},"327":{"start":{"line":676,"column":28},"end":{"line":680,"column":32}},"328":{"start":{"line":677,"column":32},"end":{"line":677,"column":75}},"329":{"start":{"line":678,"column":32},"end":{"line":678,"column":72}},"330":{"start":{"line":679,"column":32},"end":{"line":679,"column":116}},"331":{"start":{"line":682,"column":28},"end":{"line":692,"column":29}},"332":{"start":{"line":684,"column":32},"end":{"line":689,"column":35}},"333":{"start":{"line":685,"column":36},"end":{"line":685,"column":65}},"334":{"start":{"line":688,"column":36},"end":{"line":688,"column":67}},"335":{"start":{"line":691,"column":32},"end":{"line":691,"column":116}},"336":{"start":{"line":696,"column":20},"end":{"line":699,"column":21}},"337":{"start":{"line":697,"column":24},"end":{"line":697,"column":34}},"338":{"start":{"line":698,"column":24},"end":{"line":698,"column":81}},"339":{"start":{"line":701,"column":20},"end":{"line":731,"column":23}},"340":{"start":{"line":702,"column":24},"end":{"line":702,"column":46}},"341":{"start":{"line":712,"column":25},"end":{"line":712,"column":95}},"342":{"start":{"line":713,"column":25},"end":{"line":730,"column":26}},"343":{"start":{"line":714,"column":29},"end":{"line":727,"column":47}},"344":{"start":{"line":715,"column":33},"end":{"line":716,"column":114}},"345":{"start":{"line":718,"column":33},"end":{"line":718,"column":121}},"346":{"start":{"line":720,"column":33},"end":{"line":726,"column":36}},"347":{"start":{"line":721,"column":37},"end":{"line":724,"column":40}},"348":{"start":{"line":725,"column":37},"end":{"line":725,"column":42}},"349":{"start":{"line":729,"column":29},"end":{"line":729,"column":45}},"350":{"start":{"line":733,"column":20},"end":{"line":733,"column":49}},"351":{"start":{"line":734,"column":20},"end":{"line":734,"column":95}}},"branchMap":{"1":{"line":33,"type":"cond-expr","locations":[{"start":{"line":33,"column":39},"end":{"line":33,"column":42}},{"start":{"line":33,"column":45},"end":{"line":33,"column":47}}]},"2":{"line":42,"type":"if","locations":[{"start":{"line":42,"column":4},"end":{"line":42,"column":4}},{"start":{"line":42,"column":4},"end":{"line":42,"column":4}}]},"3":{"line":43,"type":"if","locations":[{"start":{"line":43,"column":8},"end":{"line":43,"column":8}},{"start":{"line":43,"column":8},"end":{"line":43,"column":8}}]},"4":{"line":45,"type":"if","locations":[{"start":{"line":45,"column":15},"end":{"line":45,"column":15}},{"start":{"line":45,"column":15},"end":{"line":45,"column":15}}]},"5":{"line":45,"type":"binary-expr","locations":[{"start":{"line":45,"column":19},"end":{"line":45,"column":120}},{"start":{"line":45,"column":124},"end":{"line":45,"column":166}}]},"6":{"line":48,"type":"if","locations":[{"start":{"line":48,"column":8},"end":{"line":48,"column":8}},{"start":{"line":48,"column":8},"end":{"line":48,"column":8}}]},"7":{"line":48,"type":"binary-expr","locations":[{"start":{"line":48,"column":12},"end":{"line":48,"column":77}},{"start":{"line":48,"column":81},"end":{"line":48,"column":110}}]},"8":{"line":51,"type":"if","locations":[{"start":{"line":51,"column":16},"end":{"line":51,"column":16}},{"start":{"line":51,"column":16},"end":{"line":51,"column":16}}]},"9":{"line":57,"type":"if","locations":[{"start":{"line":57,"column":4},"end":{"line":57,"column":4}},{"start":{"line":57,"column":4},"end":{"line":57,"column":4}}]},"10":{"line":60,"type":"if","locations":[{"start":{"line":60,"column":4},"end":{"line":60,"column":4}},{"start":{"line":60,"column":4},"end":{"line":60,"column":4}}]},"11":{"line":65,"type":"if","locations":[{"start":{"line":65,"column":8},"end":{"line":65,"column":8}},{"start":{"line":65,"column":8},"end":{"line":65,"column":8}}]},"12":{"line":69,"type":"if","locations":[{"start":{"line":69,"column":4},"end":{"line":69,"column":4}},{"start":{"line":69,"column":4},"end":{"line":69,"column":4}}]},"13":{"line":69,"type":"binary-expr","locations":[{"start":{"line":69,"column":8},"end":{"line":69,"column":19}},{"start":{"line":69,"column":23},"end":{"line":69,"column":37}}]},"14":{"line":73,"type":"if","locations":[{"start":{"line":73,"column":4},"end":{"line":73,"column":4}},{"start":{"line":73,"column":4},"end":{"line":73,"column":4}}]},"15":{"line":74,"type":"if","locations":[{"start":{"line":74,"column":8},"end":{"line":74,"column":8}},{"start":{"line":74,"column":8},"end":{"line":74,"column":8}}]},"16":{"line":77,"type":"if","locations":[{"start":{"line":77,"column":8},"end":{"line":77,"column":8}},{"start":{"line":77,"column":8},"end":{"line":77,"column":8}}]},"17":{"line":97,"type":"if","locations":[{"start":{"line":97,"column":12},"end":{"line":97,"column":12}},{"start":{"line":97,"column":12},"end":{"line":97,"column":12}}]},"18":{"line":102,"type":"binary-expr","locations":[{"start":{"line":102,"column":15},"end":{"line":102,"column":38}},{"start":{"line":102,"column":42},"end":{"line":102,"column":56}}]},"19":{"line":125,"type":"if","locations":[{"start":{"line":125,"column":4},"end":{"line":125,"column":4}},{"start":{"line":125,"column":4},"end":{"line":125,"column":4}}]},"20":{"line":127,"type":"if","locations":[{"start":{"line":127,"column":11},"end":{"line":127,"column":11}},{"start":{"line":127,"column":11},"end":{"line":127,"column":11}}]},"21":{"line":127,"type":"binary-expr","locations":[{"start":{"line":127,"column":15},"end":{"line":127,"column":40}},{"start":{"line":127,"column":44},"end":{"line":127,"column":89}}]},"22":{"line":130,"type":"if","locations":[{"start":{"line":130,"column":4},"end":{"line":130,"column":4}},{"start":{"line":130,"column":4},"end":{"line":130,"column":4}}]},"23":{"line":131,"type":"if","locations":[{"start":{"line":131,"column":8},"end":{"line":131,"column":8}},{"start":{"line":131,"column":8},"end":{"line":131,"column":8}}]},"24":{"line":133,"type":"if","locations":[{"start":{"line":133,"column":12},"end":{"line":133,"column":12}},{"start":{"line":133,"column":12},"end":{"line":133,"column":12}}]},"25":{"line":134,"type":"binary-expr","locations":[{"start":{"line":134,"column":51},"end":{"line":134,"column":83}},{"start":{"line":134,"column":87},"end":{"line":134,"column":101}}]},"26":{"line":141,"type":"if","locations":[{"start":{"line":141,"column":4},"end":{"line":141,"column":4}},{"start":{"line":141,"column":4},"end":{"line":141,"column":4}}]},"27":{"line":143,"type":"binary-expr","locations":[{"start":{"line":143,"column":44},"end":{"line":143,"column":77}},{"start":{"line":143,"column":81},"end":{"line":143,"column":83}}]},"28":{"line":144,"type":"if","locations":[{"start":{"line":144,"column":8},"end":{"line":144,"column":8}},{"start":{"line":144,"column":8},"end":{"line":144,"column":8}}]},"29":{"line":149,"type":"binary-expr","locations":[{"start":{"line":149,"column":41},"end":{"line":149,"column":71}},{"start":{"line":149,"column":75},"end":{"line":149,"column":90}}]},"30":{"line":150,"type":"if","locations":[{"start":{"line":150,"column":8},"end":{"line":150,"column":8}},{"start":{"line":150,"column":8},"end":{"line":150,"column":8}}]},"31":{"line":150,"type":"binary-expr","locations":[{"start":{"line":150,"column":12},"end":{"line":150,"column":23}},{"start":{"line":150,"column":27},"end":{"line":150,"column":80}}]},"32":{"line":154,"type":"if","locations":[{"start":{"line":154,"column":8},"end":{"line":154,"column":8}},{"start":{"line":154,"column":8},"end":{"line":154,"column":8}}]},"33":{"line":154,"type":"binary-expr","locations":[{"start":{"line":154,"column":12},"end":{"line":154,"column":40}},{"start":{"line":154,"column":44},"end":{"line":154,"column":102}}]},"34":{"line":161,"type":"if","locations":[{"start":{"line":161,"column":4},"end":{"line":161,"column":4}},{"start":{"line":161,"column":4},"end":{"line":161,"column":4}}]},"35":{"line":161,"type":"binary-expr","locations":[{"start":{"line":161,"column":8},"end":{"line":161,"column":42}},{"start":{"line":161,"column":47},"end":{"line":161,"column":66}},{"start":{"line":161,"column":70},"end":{"line":161,"column":109}},{"start":{"line":161,"column":113},"end":{"line":161,"column":143}},{"start":{"line":161,"column":148},"end":{"line":161,"column":177}},{"start":{"line":161,"column":181},"end":{"line":161,"column":218}}]},"36":{"line":162,"type":"binary-expr","locations":[{"start":{"line":162,"column":44},"end":{"line":162,"column":77}},{"start":{"line":162,"column":81},"end":{"line":162,"column":83}}]},"37":{"line":163,"type":"if","locations":[{"start":{"line":163,"column":8},"end":{"line":163,"column":8}},{"start":{"line":163,"column":8},"end":{"line":163,"column":8}}]},"38":{"line":173,"type":"if","locations":[{"start":{"line":173,"column":4},"end":{"line":173,"column":4}},{"start":{"line":173,"column":4},"end":{"line":173,"column":4}}]},"39":{"line":178,"type":"if","locations":[{"start":{"line":178,"column":4},"end":{"line":178,"column":4}},{"start":{"line":178,"column":4},"end":{"line":178,"column":4}}]},"40":{"line":178,"type":"binary-expr","locations":[{"start":{"line":178,"column":8},"end":{"line":178,"column":26}},{"start":{"line":178,"column":30},"end":{"line":178,"column":53}},{"start":{"line":178,"column":58},"end":{"line":178,"column":101}},{"start":{"line":178,"column":106},"end":{"line":178,"column":135}},{"start":{"line":178,"column":139},"end":{"line":178,"column":179}}]},"41":{"line":184,"type":"binary-expr","locations":[{"start":{"line":184,"column":30},"end":{"line":184,"column":53}},{"start":{"line":184,"column":57},"end":{"line":184,"column":60}}]},"42":{"line":185,"type":"binary-expr","locations":[{"start":{"line":185,"column":32},"end":{"line":185,"column":57}},{"start":{"line":185,"column":61},"end":{"line":185,"column":67}}]},"43":{"line":186,"type":"binary-expr","locations":[{"start":{"line":186,"column":35},"end":{"line":186,"column":63}},{"start":{"line":186,"column":67},"end":{"line":186,"column":72}}]},"44":{"line":187,"type":"binary-expr","locations":[{"start":{"line":187,"column":33},"end":{"line":187,"column":59}},{"start":{"line":187,"column":63},"end":{"line":187,"column":105}}]},"45":{"line":205,"type":"if","locations":[{"start":{"line":205,"column":12},"end":{"line":205,"column":12}},{"start":{"line":205,"column":12},"end":{"line":205,"column":12}}]},"46":{"line":205,"type":"binary-expr","locations":[{"start":{"line":205,"column":16},"end":{"line":205,"column":25}},{"start":{"line":205,"column":29},"end":{"line":205,"column":34}}]},"47":{"line":206,"type":"cond-expr","locations":[{"start":{"line":206,"column":57},"end":{"line":206,"column":62}},{"start":{"line":206,"column":65},"end":{"line":206,"column":82}}]},"48":{"line":209,"type":"if","locations":[{"start":{"line":209,"column":12},"end":{"line":209,"column":12}},{"start":{"line":209,"column":12},"end":{"line":209,"column":12}}]},"49":{"line":221,"type":"if","locations":[{"start":{"line":221,"column":12},"end":{"line":221,"column":12}},{"start":{"line":221,"column":12},"end":{"line":221,"column":12}}]},"50":{"line":226,"type":"if","locations":[{"start":{"line":226,"column":12},"end":{"line":226,"column":12}},{"start":{"line":226,"column":12},"end":{"line":226,"column":12}}]},"51":{"line":242,"type":"if","locations":[{"start":{"line":242,"column":8},"end":{"line":242,"column":8}},{"start":{"line":242,"column":8},"end":{"line":242,"column":8}}]},"52":{"line":248,"type":"if","locations":[{"start":{"line":248,"column":4},"end":{"line":248,"column":4}},{"start":{"line":248,"column":4},"end":{"line":248,"column":4}}]},"53":{"line":291,"type":"if","locations":[{"start":{"line":291,"column":16},"end":{"line":291,"column":16}},{"start":{"line":291,"column":16},"end":{"line":291,"column":16}}]},"54":{"line":292,"type":"binary-expr","locations":[{"start":{"line":292,"column":61},"end":{"line":292,"column":74}},{"start":{"line":292,"column":78},"end":{"line":292,"column":80}}]},"55":{"line":296,"type":"binary-expr","locations":[{"start":{"line":296,"column":50},"end":{"line":296,"column":72}},{"start":{"line":296,"column":76},"end":{"line":296,"column":83}}]},"56":{"line":297,"type":"binary-expr","locations":[{"start":{"line":297,"column":40},"end":{"line":297,"column":53}},{"start":{"line":297,"column":57},"end":{"line":297,"column":59}}]},"57":{"line":300,"type":"if","locations":[{"start":{"line":300,"column":24},"end":{"line":300,"column":24}},{"start":{"line":300,"column":24},"end":{"line":300,"column":24}}]},"58":{"line":329,"type":"if","locations":[{"start":{"line":329,"column":12},"end":{"line":329,"column":12}},{"start":{"line":329,"column":12},"end":{"line":329,"column":12}}]},"59":{"line":333,"type":"binary-expr","locations":[{"start":{"line":333,"column":19},"end":{"line":333,"column":26}},{"start":{"line":333,"column":30},"end":{"line":333,"column":65}}]},"60":{"line":340,"type":"if","locations":[{"start":{"line":340,"column":12},"end":{"line":340,"column":12}},{"start":{"line":340,"column":12},"end":{"line":340,"column":12}}]},"61":{"line":345,"type":"binary-expr","locations":[{"start":{"line":345,"column":62},"end":{"line":345,"column":104}},{"start":{"line":345,"column":108},"end":{"line":345,"column":110}}]},"62":{"line":371,"type":"if","locations":[{"start":{"line":371,"column":12},"end":{"line":371,"column":12}},{"start":{"line":371,"column":12},"end":{"line":371,"column":12}}]},"63":{"line":378,"type":"if","locations":[{"start":{"line":378,"column":16},"end":{"line":378,"column":16}},{"start":{"line":378,"column":16},"end":{"line":378,"column":16}}]},"64":{"line":378,"type":"binary-expr","locations":[{"start":{"line":378,"column":20},"end":{"line":378,"column":38}},{"start":{"line":378,"column":42},"end":{"line":378,"column":54}},{"start":{"line":378,"column":58},"end":{"line":378,"column":75}},{"start":{"line":378,"column":79},"end":{"line":378,"column":123}}]},"65":{"line":380,"type":"if","locations":[{"start":{"line":380,"column":24},"end":{"line":380,"column":24}},{"start":{"line":380,"column":24},"end":{"line":380,"column":24}}]},"66":{"line":383,"type":"if","locations":[{"start":{"line":383,"column":24},"end":{"line":383,"column":24}},{"start":{"line":383,"column":24},"end":{"line":383,"column":24}}]},"67":{"line":389,"type":"if","locations":[{"start":{"line":389,"column":16},"end":{"line":389,"column":16}},{"start":{"line":389,"column":16},"end":{"line":389,"column":16}}]},"68":{"line":389,"type":"binary-expr","locations":[{"start":{"line":389,"column":20},"end":{"line":389,"column":32}},{"start":{"line":389,"column":36},"end":{"line":389,"column":54}},{"start":{"line":389,"column":59},"end":{"line":389,"column":91}},{"start":{"line":389,"column":96},"end":{"line":389,"column":113}},{"start":{"line":389,"column":117},"end":{"line":389,"column":154}},{"start":{"line":389,"column":159},"end":{"line":389,"column":188}},{"start":{"line":389,"column":192},"end":{"line":389,"column":227}}]},"69":{"line":390,"type":"if","locations":[{"start":{"line":390,"column":20},"end":{"line":390,"column":20}},{"start":{"line":390,"column":20},"end":{"line":390,"column":20}}]},"70":{"line":425,"type":"if","locations":[{"start":{"line":425,"column":20},"end":{"line":425,"column":20}},{"start":{"line":425,"column":20},"end":{"line":425,"column":20}}]},"71":{"line":437,"type":"if","locations":[{"start":{"line":437,"column":20},"end":{"line":437,"column":20}},{"start":{"line":437,"column":20},"end":{"line":437,"column":20}}]},"72":{"line":447,"type":"binary-expr","locations":[{"start":{"line":447,"column":35},"end":{"line":447,"column":66}},{"start":{"line":447,"column":70},"end":{"line":447,"column":109}}]},"73":{"line":459,"type":"if","locations":[{"start":{"line":459,"column":24},"end":{"line":459,"column":24}},{"start":{"line":459,"column":24},"end":{"line":459,"column":24}}]},"74":{"line":465,"type":"binary-expr","locations":[{"start":{"line":465,"column":46},"end":{"line":465,"column":62}},{"start":{"line":465,"column":66},"end":{"line":465,"column":111}}]},"75":{"line":470,"type":"if","locations":[{"start":{"line":470,"column":24},"end":{"line":470,"column":24}},{"start":{"line":470,"column":24},"end":{"line":470,"column":24}}]},"76":{"line":471,"type":"if","locations":[{"start":{"line":471,"column":28},"end":{"line":471,"column":28}},{"start":{"line":471,"column":28},"end":{"line":471,"column":28}}]},"77":{"line":474,"type":"if","locations":[{"start":{"line":474,"column":28},"end":{"line":474,"column":28}},{"start":{"line":474,"column":28},"end":{"line":474,"column":28}}]},"78":{"line":478,"type":"if","locations":[{"start":{"line":478,"column":24},"end":{"line":478,"column":24}},{"start":{"line":478,"column":24},"end":{"line":478,"column":24}}]},"79":{"line":481,"type":"cond-expr","locations":[{"start":{"line":481,"column":48},"end":{"line":481,"column":53}},{"start":{"line":481,"column":56},"end":{"line":481,"column":60}}]},"80":{"line":484,"type":"binary-expr","locations":[{"start":{"line":484,"column":34},"end":{"line":484,"column":38}},{"start":{"line":484,"column":43},"end":{"line":484,"column":74}}]},"81":{"line":484,"type":"cond-expr","locations":[{"start":{"line":484,"column":66},"end":{"line":484,"column":69}},{"start":{"line":484,"column":72},"end":{"line":484,"column":74}}]},"82":{"line":491,"type":"if","locations":[{"start":{"line":491,"column":32},"end":{"line":491,"column":32}},{"start":{"line":491,"column":32},"end":{"line":491,"column":32}}]},"83":{"line":514,"type":"if","locations":[{"start":{"line":514,"column":20},"end":{"line":514,"column":20}},{"start":{"line":514,"column":20},"end":{"line":514,"column":20}}]},"84":{"line":518,"type":"if","locations":[{"start":{"line":518,"column":24},"end":{"line":518,"column":24}},{"start":{"line":518,"column":24},"end":{"line":518,"column":24}}]},"85":{"line":535,"type":"if","locations":[{"start":{"line":535,"column":16},"end":{"line":535,"column":16}},{"start":{"line":535,"column":16},"end":{"line":535,"column":16}}]},"86":{"line":535,"type":"binary-expr","locations":[{"start":{"line":535,"column":20},"end":{"line":535,"column":34}},{"start":{"line":535,"column":38},"end":{"line":535,"column":59}}]},"87":{"line":541,"type":"if","locations":[{"start":{"line":541,"column":20},"end":{"line":541,"column":20}},{"start":{"line":541,"column":20},"end":{"line":541,"column":20}}]},"88":{"line":543,"type":"if","locations":[{"start":{"line":543,"column":24},"end":{"line":543,"column":24}},{"start":{"line":543,"column":24},"end":{"line":543,"column":24}}]},"89":{"line":564,"type":"if","locations":[{"start":{"line":564,"column":20},"end":{"line":564,"column":20}},{"start":{"line":564,"column":20},"end":{"line":564,"column":20}}]},"90":{"line":565,"type":"if","locations":[{"start":{"line":565,"column":24},"end":{"line":565,"column":24}},{"start":{"line":565,"column":24},"end":{"line":565,"column":24}}]},"91":{"line":583,"type":"if","locations":[{"start":{"line":583,"column":24},"end":{"line":583,"column":24}},{"start":{"line":583,"column":24},"end":{"line":583,"column":24}}]},"92":{"line":596,"type":"binary-expr","locations":[{"start":{"line":596,"column":43},"end":{"line":596,"column":68}},{"start":{"line":596,"column":72},"end":{"line":596,"column":103}},{"start":{"line":596,"column":107},"end":{"line":596,"column":146}}]},"93":{"line":599,"type":"binary-expr","locations":[{"start":{"line":599,"column":49},"end":{"line":599,"column":67}},{"start":{"line":599,"column":71},"end":{"line":599,"column":98}}]},"94":{"line":601,"type":"binary-expr","locations":[{"start":{"line":601,"column":89},"end":{"line":601,"column":107}},{"start":{"line":601,"column":111},"end":{"line":601,"column":137}}]},"95":{"line":604,"type":"if","locations":[{"start":{"line":604,"column":28},"end":{"line":604,"column":28}},{"start":{"line":604,"column":28},"end":{"line":604,"column":28}}]},"96":{"line":620,"type":"if","locations":[{"start":{"line":620,"column":32},"end":{"line":620,"column":32}},{"start":{"line":620,"column":32},"end":{"line":620,"column":32}}]},"97":{"line":623,"type":"binary-expr","locations":[{"start":{"line":623,"column":107},"end":{"line":623,"column":119}},{"start":{"line":623,"column":123},"end":{"line":623,"column":140}}]},"98":{"line":626,"type":"if","locations":[{"start":{"line":626,"column":32},"end":{"line":626,"column":32}},{"start":{"line":626,"column":32},"end":{"line":626,"column":32}}]},"99":{"line":626,"type":"binary-expr","locations":[{"start":{"line":626,"column":36},"end":{"line":626,"column":57}},{"start":{"line":626,"column":61},"end":{"line":626,"column":86}}]},"100":{"line":627,"type":"binary-expr","locations":[{"start":{"line":627,"column":89},"end":{"line":627,"column":114}},{"start":{"line":627,"column":118},"end":{"line":627,"column":120}}]},"101":{"line":645,"type":"if","locations":[{"start":{"line":645,"column":36},"end":{"line":645,"column":36}},{"start":{"line":645,"column":36},"end":{"line":645,"column":36}}]},"102":{"line":654,"type":"if","locations":[{"start":{"line":654,"column":40},"end":{"line":654,"column":40}},{"start":{"line":654,"column":40},"end":{"line":654,"column":40}}]},"103":{"line":654,"type":"binary-expr","locations":[{"start":{"line":654,"column":44},"end":{"line":654,"column":80}},{"start":{"line":654,"column":84},"end":{"line":654,"column":108}}]},"104":{"line":657,"type":"if","locations":[{"start":{"line":657,"column":47},"end":{"line":657,"column":47}},{"start":{"line":657,"column":47},"end":{"line":657,"column":47}}]},"105":{"line":658,"type":"binary-expr","locations":[{"start":{"line":658,"column":58},"end":{"line":658,"column":72}},{"start":{"line":658,"column":76},"end":{"line":658,"column":79}}]},"106":{"line":661,"type":"if","locations":[{"start":{"line":661,"column":36},"end":{"line":661,"column":36}},{"start":{"line":661,"column":36},"end":{"line":661,"column":36}}]},"107":{"line":682,"type":"if","locations":[{"start":{"line":682,"column":28},"end":{"line":682,"column":28}},{"start":{"line":682,"column":28},"end":{"line":682,"column":28}}]},"108":{"line":713,"type":"if","locations":[{"start":{"line":713,"column":25},"end":{"line":713,"column":25}},{"start":{"line":713,"column":25},"end":{"line":713,"column":25}}]},"109":{"line":715,"type":"binary-expr","locations":[{"start":{"line":715,"column":58},"end":{"line":715,"column":76}},{"start":{"line":715,"column":80},"end":{"line":715,"column":107}}]},"110":{"line":716,"type":"binary-expr","locations":[{"start":{"line":716,"column":65},"end":{"line":716,"column":83}},{"start":{"line":716,"column":87},"end":{"line":716,"column":113}}]},"111":{"line":723,"type":"binary-expr","locations":[{"start":{"line":723,"column":51},"end":{"line":723,"column":68}},{"start":{"line":723,"column":72},"end":{"line":723,"column":84}}]}}}}