TN:
SF:/home/andreas/work/unexpected-mitm/lib/unexpectedMitm.js
FN:15,isRegExp
FN:19,formatHeaderObj
FN:21,(anonymous_3)
FN:27,bufferCanBeInterpretedAsUtf8
FN:31,(anonymous_5)
FN:40,trimMessage
FN:83,trimRecordedExchange
FN:90,createSerializedRequestHandler
FN:94,processNextRequest
FN:95,cleanUpAndProceed
FN:107,(anonymous_11)
FN:117,(anonymous_12)
FN:123,resolveExpectedRequestProperties
FN:143,(anonymous_14)
FN:162,(anonymous_15)
FN:171,createMockResponse
FN:185,hasTrailerChunk
FN:189,isTrailerChunk
FN:193,attachConnectionHook
FN:202,(anonymous_20)
FN:222,attachResponseHooks
FN:225,(anonymous_22)
FN:231,(anonymous_23)
FN:233,(anonymous_24)
FN:251,determineInjectionCallsite
FN:257,(anonymous_26)
FN:280,(anonymous_27)
FN:288,(anonymous_28)
FN:291,(anonymous_29)
FN:294,(anonymous_30)
FN:303,(anonymous_31)
FN:306,(anonymous_32)
FN:316,(anonymous_33)
FN:330,stringify
FN:336,(anonymous_35)
FN:340,injectRecordedExchanges
FN:373,consumeReadableStream
FN:374,(anonymous_38)
FN:376,(anonymous_39)
FN:378,(anonymous_40)
FN:380,(anonymous_41)
FN:386,getMockResponse
FN:395,(anonymous_43)
FN:397,(anonymous_44)
FN:406,(anonymous_45)
FN:416,observeResponse
FN:417,(anonymous_47)
FN:418,(anonymous_48)
FN:424,applyInjections
FN:425,(anonymous_50)
FN:429,(anonymous_51)
FN:431,(anonymous_52)
FN:440,executeMitm
FN:444,(anonymous_54)
FN:445,cleanUp
FN:449,handleError
FN:458,(anonymous_57)
FN:466,(anonymous_58)
FN:480,(anonymous_59)
FN:509,(anonymous_60)
FN:512,(anonymous_61)
FN:518,(anonymous_62)
FN:520,(anonymous_63)
FN:526,(anonymous_64)
FN:533,(anonymous_65)
FN:535,(anonymous_66)
FN:550,(anonymous_67)
FN:559,(anonymous_68)
FN:569,(anonymous_69)
FN:573,(anonymous_70)
FN:574,cleanUp
FN:578,handleError
FN:599,(anonymous_73)
FN:608,(anonymous_74)
FN:622,(anonymous_75)
FN:637,assertMockResponse
FN:661,deliverMockResponse
FN:662,(anonymous_78)
FN:666,(anonymous_79)
FN:667,(anonymous_80)
FN:681,(anonymous_81)
FN:695,(anonymous_82)
FN:702,(anonymous_83)
FN:704,(anonymous_84)
FN:714,handleSuccess
FN:719,(anonymous_86)
FN:721,(anonymous_87)
FN:732,(anonymous_88)
FN:738,(anonymous_89)
FN:750,(anonymous_90)
FNF:90
FNH:83
FNDA:2,isRegExp
FNDA:7,formatHeaderObj
FNDA:21,(anonymous_3)
FNDA:1,bufferCanBeInterpretedAsUtf8
FNDA:7,(anonymous_5)
FNDA:8,trimMessage
FNDA:4,trimRecordedExchange
FNDA:53,createSerializedRequestHandler
FNDA:106,processNextRequest
FNDA:53,cleanUpAndProceed
FNDA:47,(anonymous_11)
FNDA:53,(anonymous_12)
FNDA:53,resolveExpectedRequestProperties
FNDA:1,(anonymous_14)
FNDA:0,(anonymous_15)
FNDA:84,createMockResponse
FNDA:58,hasTrailerChunk
FNDA:132,isTrailerChunk
FNDA:49,attachConnectionHook
FNDA:74,(anonymous_20)
FNDA:49,attachResponseHooks
FNDA:41,(anonymous_22)
FNDA:98,(anonymous_23)
FNDA:44,(anonymous_24)
FNDA:1,determineInjectionCallsite
FNDA:3,(anonymous_26)
FNDA:2,(anonymous_27)
FNDA:8,(anonymous_28)
FNDA:0,(anonymous_29)
FNDA:0,(anonymous_30)
FNDA:8,(anonymous_31)
FNDA:0,(anonymous_32)
FNDA:0,(anonymous_33)
FNDA:1,stringify
FNDA:1,(anonymous_35)
FNDA:1,injectRecordedExchanges
FNDA:63,consumeReadableStream
FNDA:63,(anonymous_38)
FNDA:12,(anonymous_39)
FNDA:60,(anonymous_40)
FNDA:3,(anonymous_41)
FNDA:44,getMockResponse
FNDA:44,(anonymous_43)
FNDA:7,(anonymous_44)
FNDA:44,(anonymous_45)
FNDA:49,observeResponse
FNDA:49,(anonymous_47)
FNDA:41,(anonymous_48)
FNDA:1,applyInjections
FNDA:1,(anonymous_50)
FNDA:0,(anonymous_51)
FNDA:1,(anonymous_52)
FNDA:4,executeMitm
FNDA:4,(anonymous_54)
FNDA:4,cleanUp
FNDA:0,handleError
FNDA:8,(anonymous_57)
FNDA:4,(anonymous_58)
FNDA:4,(anonymous_59)
FNDA:3,(anonymous_60)
FNDA:3,(anonymous_61)
FNDA:3,(anonymous_62)
FNDA:8,(anonymous_63)
FNDA:1,(anonymous_64)
FNDA:4,(anonymous_65)
FNDA:4,(anonymous_66)
FNDA:4,(anonymous_67)
FNDA:4,(anonymous_68)
FNDA:49,(anonymous_69)
FNDA:49,(anonymous_70)
FNDA:52,cleanUp
FNDA:3,handleError
FNDA:49,(anonymous_73)
FNDA:49,(anonymous_74)
FNDA:49,(anonymous_75)
FNDA:46,assertMockResponse
FNDA:41,deliverMockResponse
FNDA:41,(anonymous_78)
FNDA:18,(anonymous_79)
FNDA:18,(anonymous_80)
FNDA:5,(anonymous_81)
FNDA:41,(anonymous_82)
FNDA:9,(anonymous_83)
FNDA:1,(anonymous_84)
FNDA:49,handleSuccess
FNDA:49,(anonymous_86)
FNDA:49,(anonymous_87)
FNDA:4,(anonymous_88)
FNDA:4,(anonymous_89)
FNDA:46,(anonymous_90)
DA:2,2
DA:15,3
DA:16,2
DA:19,3
DA:20,7
DA:21,7
DA:22,21
DA:24,7
DA:27,3
DA:30,1
DA:31,1
DA:32,7
DA:35,0
DA:37,1
DA:40,3
DA:41,8
DA:42,7
DA:43,6
DA:44,1
DA:45,1
DA:47,7
DA:48,0
DA:49,0
DA:50,0
DA:51,0
DA:56,8
DA:57,0
DA:59,8
DA:60,7
DA:61,7
DA:62,7
DA:63,7
DA:64,7
DA:65,1
DA:68,8
DA:69,0
DA:70,0
DA:72,8
DA:73,1
DA:74,0
DA:76,1
DA:77,1
DA:80,7
DA:83,3
DA:84,4
DA:90,3
DA:91,53
DA:94,3
DA:95,3
DA:96,53
DA:97,53
DA:98,53
DA:101,106
DA:102,53
DA:103,53
DA:107,53
DA:108,47
DA:109,47
DA:112,53
DA:113,53
DA:117,53
DA:118,53
DA:119,53
DA:123,3
DA:124,53
DA:125,34
DA:126,19
DA:127,16
DA:129,53
DA:130,50
DA:131,50
DA:132,50
DA:133,41
DA:134,41
DA:138,3
DA:140,53
DA:141,11
DA:142,11
DA:143,11
DA:144,1
DA:146,10
DA:148,11
DA:149,11
DA:150,0
DA:153,11
DA:154,2
DA:156,11
DA:159,53
DA:160,53
DA:161,2
DA:162,2
DA:163,0
DA:165,2
DA:168,53
DA:171,3
DA:172,84
DA:173,7
DA:174,7
DA:175,7
DA:177,84
DA:178,84
DA:179,84
DA:180,84
DA:181,84
DA:182,84
DA:185,3
DA:186,58
DA:189,3
DA:190,132
DA:193,3
DA:194,49
DA:195,49
DA:196,49
DA:202,49
DA:203,74
DA:205,74
DA:207,74
DA:213,41
DA:216,74
DA:218,74
DA:222,3
DA:223,49
DA:225,49
DA:226,41
DA:227,41
DA:231,49
DA:232,98
DA:233,98
DA:234,44
DA:235,44
DA:238,44
DA:240,44
DA:241,0
DA:242,0
DA:246,44
DA:251,3
DA:253,1
DA:256,1
DA:257,1
DA:258,3
DA:260,3
DA:261,1
DA:262,1
DA:266,1
DA:267,1
DA:272,0
DA:277,2
DA:281,2
DA:283,2
DA:285,2
DA:289,8
DA:292,0
DA:295,0
DA:300,2
DA:304,8
DA:307,0
DA:309,0
DA:310,0
DA:312,0
DA:316,0
DA:317,0
DA:318,0
DA:319,0
DA:321,0
DA:323,0
DA:325,0
DA:330,3
DA:331,1
DA:332,1
DA:335,2
DA:337,1
DA:340,3
DA:341,1
DA:347,1
DA:348,1
DA:350,1
DA:351,1
DA:352,35
DA:354,1
DA:355,1
DA:357,1
DA:358,1
DA:359,1
DA:363,1
DA:369,0
DA:373,3
DA:374,63
DA:375,63
DA:376,63
DA:377,12
DA:379,60
DA:381,3
DA:386,3
DA:387,44
DA:388,44
DA:389,44
DA:390,1
DA:392,43
DA:395,44
DA:396,44
DA:397,7
DA:398,7
DA:399,3
DA:401,7
DA:402,7
DA:407,44
DA:408,8
DA:409,5
DA:412,44
DA:416,3
DA:417,49
DA:418,49
DA:419,41
DA:424,3
DA:425,1
DA:426,1
DA:429,1
DA:430,0
DA:432,1
DA:433,1
DA:434,1
DA:436,1
DA:440,3
DA:441,4
DA:444,4
DA:445,3
DA:446,4
DA:449,3
DA:450,0
DA:451,0
DA:454,4
DA:458,4
DA:459,8
DA:460,4
DA:461,4
DA:463,4
DA:464,4
DA:467,4
DA:479,4
DA:480,4
DA:481,4
DA:483,0
DA:485,4
DA:486,4
DA:487,4
DA:492,4
DA:493,4
DA:494,4
DA:496,4
DA:497,3
DA:500,4
DA:501,0
DA:503,4
DA:510,3
DA:511,3
DA:512,3
DA:513,3
DA:515,0
DA:517,3
DA:518,3
DA:519,3
DA:520,3
DA:521,8
DA:523,3
DA:527,1
DA:528,1
DA:533,4
DA:534,4
DA:536,4
DA:537,4
DA:538,4
DA:541,4
DA:542,4
DA:547,2
DA:549,2
DA:551,4
DA:554,4
DA:555,1
DA:556,1
DA:559,4
DA:560,4
DA:561,1
DA:562,1
DA:563,1
DA:566,4
DA:570,49
DA:571,49
DA:573,49
DA:574,3
DA:575,52
DA:578,3
DA:579,3
DA:580,3
DA:583,49
DA:584,41
DA:585,0
DA:587,41
DA:591,8
DA:594,49
DA:599,49
DA:600,49
DA:601,49
DA:602,49
DA:604,0
DA:609,49
DA:620,49
DA:622,49
DA:623,49
DA:625,0
DA:627,49
DA:635,49
DA:637,3
DA:639,46
DA:640,1
DA:642,46
DA:643,46
DA:645,46
DA:646,45
DA:661,3
DA:662,41
DA:663,41
DA:664,41
DA:665,39
DA:666,39
DA:667,18
DA:668,18
DA:669,18
DA:672,39
DA:673,39
DA:674,18
DA:675,18
DA:676,21
DA:677,1
DA:680,41
DA:681,5
DA:682,5
DA:683,5
DA:686,36
DA:695,49
DA:696,41
DA:697,41
DA:700,49
DA:702,9
DA:703,9
DA:706,1
DA:709,40
DA:714,3
DA:715,49
DA:716,49
DA:719,49
DA:720,49
DA:730,49
DA:731,49
DA:732,4
DA:733,4
DA:736,4
DA:738,4
DA:739,4
DA:743,4
DA:747,45
DA:751,46
DA:752,46
LF:362
LH:325
BRDA:32,1,0,0
BRDA:32,1,1,7
BRDA:41,2,0,7
BRDA:41,2,1,1
BRDA:42,3,0,6
BRDA:42,3,1,1
BRDA:44,4,0,1
BRDA:44,4,1,0
BRDA:44,5,0,1
BRDA:44,5,1,1
BRDA:47,6,0,0
BRDA:47,6,1,7
BRDA:47,7,0,7
BRDA:47,7,1,0
BRDA:50,8,0,0
BRDA:50,8,1,0
BRDA:56,9,0,0
BRDA:56,9,1,8
BRDA:59,10,0,7
BRDA:59,10,1,1
BRDA:64,11,0,1
BRDA:64,11,1,6
BRDA:68,12,0,0
BRDA:68,12,1,8
BRDA:68,13,0,8
BRDA:68,13,1,4
BRDA:72,14,0,1
BRDA:72,14,1,7
BRDA:73,15,0,0
BRDA:73,15,1,1
BRDA:76,16,0,1
BRDA:76,16,1,0
BRDA:96,17,0,53
BRDA:96,17,1,0
BRDA:101,18,0,159
BRDA:101,18,1,54
BRDA:124,19,0,34
BRDA:124,19,1,19
BRDA:126,20,0,16
BRDA:126,20,1,3
BRDA:126,21,0,19
BRDA:126,21,1,16
BRDA:129,22,0,50
BRDA:129,22,1,3
BRDA:130,23,0,50
BRDA:130,23,1,0
BRDA:132,24,0,41
BRDA:132,24,1,9
BRDA:133,25,0,41
BRDA:133,25,1,41
BRDA:140,26,0,11
BRDA:140,26,1,42
BRDA:142,27,0,11
BRDA:142,27,1,10
BRDA:143,28,0,10
BRDA:143,28,1,1
BRDA:148,29,0,11
BRDA:148,29,1,11
BRDA:149,30,0,0
BRDA:149,30,1,11
BRDA:149,31,0,11
BRDA:149,31,1,0
BRDA:153,32,0,2
BRDA:153,32,1,9
BRDA:153,33,0,11
BRDA:153,33,1,2
BRDA:160,34,0,2
BRDA:160,34,1,51
BRDA:160,35,0,53
BRDA:160,35,1,53
BRDA:160,35,2,5
BRDA:160,35,3,2
BRDA:160,35,4,2
BRDA:160,35,5,2
BRDA:161,36,0,2
BRDA:161,36,1,2
BRDA:162,37,0,2
BRDA:162,37,1,0
BRDA:172,38,0,7
BRDA:172,38,1,77
BRDA:172,39,0,84
BRDA:172,39,1,61
BRDA:172,39,2,20
BRDA:172,39,3,14
BRDA:172,39,4,14
BRDA:178,40,0,84
BRDA:178,40,1,16
BRDA:179,41,0,84
BRDA:179,41,1,43
BRDA:180,42,0,84
BRDA:180,42,1,43
BRDA:181,43,0,84
BRDA:181,43,1,43
BRDA:205,44,0,15
BRDA:205,44,1,59
BRDA:207,45,0,41
BRDA:207,45,1,33
BRDA:207,46,0,74
BRDA:207,46,1,58
BRDA:226,47,0,41
BRDA:226,47,1,0
BRDA:234,48,0,44
BRDA:234,48,1,0
BRDA:240,49,0,0
BRDA:240,49,1,44
BRDA:260,50,0,1
BRDA:260,50,1,2
BRDA:266,51,0,1
BRDA:266,51,1,0
BRDA:309,52,0,0
BRDA:309,52,1,0
BRDA:310,53,0,0
BRDA:310,53,1,0
BRDA:314,54,0,0
BRDA:314,54,1,0
BRDA:315,55,0,0
BRDA:315,55,1,0
BRDA:318,56,0,0
BRDA:318,56,1,0
BRDA:347,57,0,1
BRDA:347,57,1,0
BRDA:351,58,0,36
BRDA:351,58,1,35
BRDA:358,59,0,1
BRDA:358,59,1,0
BRDA:363,60,0,1
BRDA:363,60,1,1
BRDA:389,61,0,1
BRDA:389,61,1,43
BRDA:396,62,0,7
BRDA:396,62,1,37
BRDA:396,63,0,44
BRDA:396,63,1,43
BRDA:396,63,2,43
BRDA:396,63,3,20
BRDA:398,64,0,3
BRDA:398,64,1,4
BRDA:401,65,0,7
BRDA:401,65,1,0
BRDA:407,66,0,8
BRDA:407,66,1,36
BRDA:407,67,0,44
BRDA:407,67,1,43
BRDA:407,67,2,40
BRDA:407,67,3,39
BRDA:407,67,4,16
BRDA:407,67,5,10
BRDA:407,67,6,10
BRDA:408,68,0,5
BRDA:408,68,1,3
BRDA:459,69,0,4
BRDA:459,69,1,4
BRDA:469,70,0,4
BRDA:469,70,1,1
BRDA:481,71,0,0
BRDA:481,71,1,4
BRDA:487,72,0,4
BRDA:487,72,1,4
BRDA:492,73,0,4
BRDA:492,73,1,0
BRDA:493,74,0,4
BRDA:493,74,1,0
BRDA:496,75,0,3
BRDA:496,75,1,1
BRDA:500,76,0,0
BRDA:500,76,1,4
BRDA:503,77,0,1
BRDA:503,77,1,3
BRDA:506,78,0,4
BRDA:506,78,1,1
BRDA:506,79,0,0
BRDA:506,79,1,1
BRDA:513,80,0,0
BRDA:513,80,1,3
BRDA:537,81,0,4
BRDA:537,81,1,0
BRDA:554,82,0,1
BRDA:554,82,1,3
BRDA:554,83,0,4
BRDA:554,83,1,1
BRDA:560,84,0,1
BRDA:560,84,1,3
BRDA:562,85,0,1
BRDA:562,85,1,0
BRDA:583,86,0,41
BRDA:583,86,1,8
BRDA:584,87,0,0
BRDA:584,87,1,41
BRDA:602,88,0,0
BRDA:602,88,1,49
BRDA:615,89,0,49
BRDA:615,89,1,49
BRDA:615,89,2,2
BRDA:618,90,0,49
BRDA:618,90,1,48
BRDA:620,91,0,49
BRDA:620,91,1,48
BRDA:623,92,0,0
BRDA:623,92,1,49
BRDA:639,93,0,1
BRDA:639,93,1,45
BRDA:642,94,0,46
BRDA:642,94,1,3
BRDA:645,95,0,45
BRDA:645,95,1,1
BRDA:645,96,0,46
BRDA:645,96,1,45
BRDA:646,97,0,45
BRDA:646,97,1,0
BRDA:664,98,0,39
BRDA:664,98,1,2
BRDA:673,99,0,18
BRDA:673,99,1,21
BRDA:673,100,0,39
BRDA:673,100,1,19
BRDA:676,101,0,1
BRDA:676,101,1,20
BRDA:677,102,0,1
BRDA:677,102,1,0
BRDA:680,103,0,5
BRDA:680,103,1,36
BRDA:700,104,0,9
BRDA:700,104,1,40
BRDA:731,105,0,4
BRDA:731,105,1,45
BRDA:733,106,0,4
BRDA:733,106,1,4
BRDA:734,107,0,4
BRDA:734,107,1,4
BRDA:741,108,0,4
BRDA:741,108,1,4
BRF:231
BRH:186
end_of_record
