TN:
SF:/Users/alex/Documents/projects/unexpected-mitm/lib/unexpectedMitm.js
FN:17,isRegExp
FN:21,formatHeaderObj
FN:23,(anonymous_3)
FN:29,bufferCanBeInterpretedAsUtf8
FN:33,(anonymous_5)
FN:42,lineNumberToIndex
FN:56,trimMessage
FN:99,trimRecordedExchange
FN:106,createSerializedRequestHandler
FN:110,processNextRequest
FN:111,cleanUpAndProceed
FN:123,(anonymous_12)
FN:133,(anonymous_13)
FN:139,resolveExpectedRequestProperties
FN:159,(anonymous_15)
FN:178,(anonymous_16)
FN:187,createMockResponse
FN:201,hasTrailerChunk
FN:205,isTrailerChunk
FN:209,attachConnectionHook
FN:217,(anonymous_21)
FN:235,attachResponseHooks
FN:238,(anonymous_23)
FN:244,(anonymous_24)
FN:246,(anonymous_25)
FN:264,determineInjectionCallsite
FN:270,(anonymous_27)
FN:293,(anonymous_28)
FN:301,(anonymous_29)
FN:304,(anonymous_30)
FN:307,(anonymous_31)
FN:316,(anonymous_32)
FN:319,(anonymous_33)
FN:329,(anonymous_34)
FN:343,stringify
FN:350,(anonymous_36)
FN:354,recordPendingInjection
FN:389,consumeReadableStream
FN:393,(anonymous_39)
FN:395,(anonymous_40)
FN:397,(anonymous_41)
FN:399,(anonymous_42)
FN:405,getMockResponse
FN:414,(anonymous_44)
FN:416,(anonymous_45)
FN:425,(anonymous_46)
FN:435,observeResponse
FN:436,(anonymous_48)
FN:437,(anonymous_49)
FN:443,performRequest
FN:444,(anonymous_51)
FN:451,(anonymous_52)
FN:452,(anonymous_53)
FN:468,applyInjections
FN:469,(anonymous_55)
FN:473,(anonymous_56)
FN:475,(anonymous_57)
FN:484,executeMitm
FN:488,(anonymous_59)
FN:493,(anonymous_60)
FN:501,(anonymous_61)
FN:515,(anonymous_62)
FN:549,(anonymous_63)
FN:554,(anonymous_64)
FN:556,(anonymous_65)
FN:561,(anonymous_66)
FN:568,(anonymous_67)
FN:570,(anonymous_68)
FN:578,(anonymous_69)
FN:586,(anonymous_70)
FN:595,(anonymous_71)
FN:605,(anonymous_72)
FN:609,(anonymous_73)
FN:626,(anonymous_74)
FN:635,(anonymous_75)
FN:649,(anonymous_76)
FN:664,assertMockResponse
FN:688,deliverMockResponse
FN:689,(anonymous_79)
FN:693,(anonymous_80)
FN:694,(anonymous_81)
FN:708,(anonymous_82)
FN:722,(anonymous_83)
FN:732,(anonymous_84)
FN:746,(anonymous_85)
FN:748,(anonymous_86)
FN:758,(anonymous_87)
FN:760,(anonymous_88)
FN:772,nextItem
FN:775,(anonymous_90)
FN:791,(anonymous_91)
FN:793,(anonymous_92)
FN:797,(anonymous_93)
FNF:93
FNH:90
FNDA:3,isRegExp
FNDA:22,formatHeaderObj
FNDA:89,(anonymous_3)
FNDA:4,bufferCanBeInterpretedAsUtf8
FNDA:161965,(anonymous_5)
FNDA:6,lineNumberToIndex
FNDA:24,trimMessage
FNDA:12,trimRecordedExchange
FNDA:64,createSerializedRequestHandler
FNDA:128,processNextRequest
FNDA:64,cleanUpAndProceed
FNDA:57,(anonymous_12)
FNDA:64,(anonymous_13)
FNDA:56,resolveExpectedRequestProperties
FNDA:1,(anonymous_15)
FNDA:0,(anonymous_16)
FNDA:89,createMockResponse
FNDA:96,hasTrailerChunk
FNDA:215,isTrailerChunk
FNDA:52,attachConnectionHook
FNDA:119,(anonymous_21)
FNDA:52,attachResponseHooks
FNDA:45,(anonymous_23)
FNDA:104,(anonymous_24)
FNDA:47,(anonymous_25)
FNDA:6,determineInjectionCallsite
FNDA:18,(anonymous_27)
FNDA:4,(anonymous_28)
FNDA:41,(anonymous_29)
FNDA:1,(anonymous_30)
FNDA:1,(anonymous_31)
FNDA:41,(anonymous_32)
FNDA:0,(anonymous_33)
FNDA:0,(anonymous_34)
FNDA:6,stringify
FNDA:4,(anonymous_36)
FNDA:6,recordPendingInjection
FNDA:81,consumeReadableStream
FNDA:81,(anonymous_39)
FNDA:140,(anonymous_40)
FNDA:80,(anonymous_41)
FNDA:3,(anonymous_42)
FNDA:45,getMockResponse
FNDA:45,(anonymous_44)
FNDA:7,(anonymous_45)
FNDA:45,(anonymous_46)
FNDA:52,observeResponse
FNDA:52,(anonymous_48)
FNDA:45,(anonymous_49)
FNDA:12,performRequest
FNDA:12,(anonymous_51)
FNDA:10,(anonymous_52)
FNDA:10,(anonymous_53)
FNDA:4,applyInjections
FNDA:3,(anonymous_55)
FNDA:2,(anonymous_56)
FNDA:5,(anonymous_57)
FNDA:12,executeMitm
FNDA:12,(anonymous_59)
FNDA:24,(anonymous_60)
FNDA:12,(anonymous_61)
FNDA:12,(anonymous_62)
FNDA:10,(anonymous_63)
FNDA:10,(anonymous_64)
FNDA:52,(anonymous_65)
FNDA:2,(anonymous_66)
FNDA:12,(anonymous_67)
FNDA:12,(anonymous_68)
FNDA:12,(anonymous_69)
FNDA:12,(anonymous_70)
FNDA:12,(anonymous_71)
FNDA:52,(anonymous_72)
FNDA:52,(anonymous_73)
FNDA:52,(anonymous_74)
FNDA:52,(anonymous_75)
FNDA:52,(anonymous_76)
FNDA:50,assertMockResponse
FNDA:42,deliverMockResponse
FNDA:42,(anonymous_79)
FNDA:18,(anonymous_80)
FNDA:18,(anonymous_81)
FNDA:5,(anonymous_82)
FNDA:45,(anonymous_83)
FNDA:4,(anonymous_84)
FNDA:11,(anonymous_85)
FNDA:1,(anonymous_86)
FNDA:52,(anonymous_87)
FNDA:52,(anonymous_88)
FNDA:8,nextItem
FNDA:4,(anonymous_90)
FNDA:49,(anonymous_91)
FNDA:37,(anonymous_92)
FNDA:52,(anonymous_93)
DA:2,4
DA:15,4
DA:17,5
DA:18,3
DA:21,5
DA:22,22
DA:23,22
DA:24,89
DA:26,22
DA:29,5
DA:32,4
DA:33,4
DA:34,161965
DA:37,3
DA:39,1
DA:42,5
DA:43,6
DA:45,6
DA:47,6
DA:49,265
DA:50,265
DA:53,6
DA:56,5
DA:57,24
DA:58,22
DA:59,17
DA:60,5
DA:61,1
DA:63,22
DA:64,0
DA:65,0
DA:66,0
DA:67,0
DA:72,24
DA:73,4
DA:75,24
DA:76,22
DA:77,22
DA:78,22
DA:79,22
DA:80,22
DA:81,5
DA:84,24
DA:85,0
DA:86,0
DA:88,24
DA:89,6
DA:90,0
DA:92,6
DA:93,4
DA:96,20
DA:99,5
DA:100,12
DA:106,5
DA:107,64
DA:110,5
DA:111,5
DA:112,64
DA:113,64
DA:114,64
DA:117,128
DA:118,64
DA:119,64
DA:123,64
DA:124,57
DA:125,57
DA:128,64
DA:129,64
DA:133,64
DA:134,64
DA:135,64
DA:139,5
DA:140,56
DA:141,35
DA:142,21
DA:143,17
DA:145,56
DA:146,52
DA:147,52
DA:148,52
DA:149,42
DA:150,42
DA:154,4
DA:156,56
DA:157,11
DA:158,11
DA:159,11
DA:160,1
DA:162,10
DA:164,11
DA:165,11
DA:166,0
DA:169,11
DA:170,2
DA:172,11
DA:175,56
DA:176,56
DA:177,2
DA:178,2
DA:179,0
DA:181,2
DA:184,56
DA:187,5
DA:188,89
DA:189,7
DA:190,7
DA:191,7
DA:193,89
DA:194,89
DA:195,89
DA:196,89
DA:197,89
DA:198,89
DA:201,5
DA:202,96
DA:205,5
DA:206,215
DA:209,5
DA:210,52
DA:211,52
DA:217,52
DA:218,119
DA:220,119
DA:222,119
DA:228,45
DA:231,119
DA:235,5
DA:236,52
DA:238,52
DA:239,45
DA:240,45
DA:244,52
DA:245,104
DA:246,104
DA:247,47
DA:248,47
DA:251,47
DA:253,47
DA:254,0
DA:255,0
DA:259,47
DA:264,5
DA:266,6
DA:269,6
DA:270,6
DA:271,18
DA:273,18
DA:274,6
DA:275,6
DA:279,6
DA:280,6
DA:285,0
DA:290,4
DA:294,4
DA:296,4
DA:298,4
DA:302,41
DA:305,1
DA:308,1
DA:313,4
DA:317,41
DA:320,0
DA:322,0
DA:323,0
DA:325,0
DA:329,0
DA:330,0
DA:331,0
DA:332,0
DA:334,0
DA:336,0
DA:338,0
DA:343,5
DA:344,6
DA:345,6
DA:346,6
DA:349,4
DA:351,4
DA:354,5
DA:355,6
DA:361,6
DA:362,6
DA:364,6
DA:371,6
DA:373,6
DA:374,6
DA:375,5
DA:379,5
DA:385,1
DA:389,5
DA:390,81
DA:391,81
DA:393,81
DA:394,81
DA:395,81
DA:396,140
DA:398,80
DA:400,3
DA:405,5
DA:406,45
DA:407,45
DA:408,45
DA:409,1
DA:411,44
DA:414,45
DA:415,45
DA:416,7
DA:417,7
DA:418,3
DA:420,7
DA:421,7
DA:426,45
DA:427,8
DA:428,5
DA:431,45
DA:435,5
DA:436,52
DA:437,52
DA:438,45
DA:443,5
DA:444,12
DA:445,12
DA:452,10
DA:453,10
DA:455,0
DA:458,10
DA:468,5
DA:469,4
DA:470,3
DA:473,3
DA:474,2
DA:476,5
DA:477,5
DA:478,5
DA:480,3
DA:484,5
DA:485,12
DA:488,12
DA:489,12
DA:493,12
DA:494,24
DA:495,12
DA:496,12
DA:498,12
DA:499,12
DA:502,12
DA:514,12
DA:515,12
DA:516,12
DA:518,0
DA:520,12
DA:521,12
DA:522,12
DA:527,12
DA:528,12
DA:529,12
DA:531,12
DA:532,8
DA:535,12
DA:536,0
DA:539,12
DA:550,10
DA:551,10
DA:552,10
DA:554,10
DA:555,10
DA:556,10
DA:557,52
DA:559,10
DA:562,2
DA:563,2
DA:568,12
DA:569,12
DA:571,12
DA:572,12
DA:573,12
DA:576,12
DA:579,12
DA:583,4
DA:585,4
DA:587,12
DA:590,12
DA:591,4
DA:592,4
DA:595,12
DA:596,12
DA:597,6
DA:598,6
DA:599,6
DA:602,12
DA:606,52
DA:607,52
DA:609,52
DA:610,52
DA:611,44
DA:612,0
DA:614,44
DA:618,8
DA:621,52
DA:626,52
DA:627,52
DA:628,52
DA:629,52
DA:631,0
DA:636,52
DA:647,52
DA:649,52
DA:650,52
DA:652,0
DA:654,52
DA:662,52
DA:664,5
DA:666,50
DA:667,1
DA:669,50
DA:670,50
DA:672,50
DA:673,49
DA:688,5
DA:689,42
DA:690,42
DA:691,42
DA:692,40
DA:693,40
DA:694,18
DA:695,18
DA:696,18
DA:699,40
DA:700,40
DA:701,18
DA:702,18
DA:703,22
DA:704,1
DA:707,42
DA:708,5
DA:709,5
DA:710,5
DA:713,37
DA:722,52
DA:723,45
DA:724,45
DA:727,52
DA:729,11
DA:732,11
DA:733,4
DA:736,11
DA:742,0
DA:746,11
DA:747,11
DA:750,1
DA:753,41
DA:758,52
DA:759,52
DA:769,52
DA:770,52
DA:772,4
DA:773,8
DA:774,8
DA:775,4
DA:776,4
DA:781,4
DA:784,4
DA:788,48
DA:792,49
DA:793,49
DA:795,37
DA:798,52
LF:367
LH:337
BRDA:34,1,0,129
BRDA:34,1,1,161836
BRDA:57,2,0,22
BRDA:57,2,1,2
BRDA:58,3,0,17
BRDA:58,3,1,5
BRDA:60,4,0,1
BRDA:60,4,1,4
BRDA:60,5,0,5
BRDA:60,5,1,4
BRDA:63,6,0,0
BRDA:63,6,1,22
BRDA:63,7,0,22
BRDA:63,7,1,0
BRDA:66,8,0,0
BRDA:66,8,1,0
BRDA:72,9,0,4
BRDA:72,9,1,20
BRDA:75,10,0,22
BRDA:75,10,1,2
BRDA:80,11,0,5
BRDA:80,11,1,17
BRDA:84,12,0,0
BRDA:84,12,1,24
BRDA:84,13,0,24
BRDA:84,13,1,12
BRDA:88,14,0,6
BRDA:88,14,1,18
BRDA:89,15,0,0
BRDA:89,15,1,6
BRDA:92,16,0,4
BRDA:92,16,1,2
BRDA:112,17,0,64
BRDA:112,17,1,0
BRDA:117,18,0,192
BRDA:117,18,1,65
BRDA:140,19,0,35
BRDA:140,19,1,21
BRDA:142,20,0,17
BRDA:142,20,1,4
BRDA:142,21,0,21
BRDA:142,21,1,17
BRDA:145,22,0,52
BRDA:145,22,1,4
BRDA:146,23,0,52
BRDA:146,23,1,0
BRDA:148,24,0,42
BRDA:148,24,1,10
BRDA:149,25,0,42
BRDA:149,25,1,42
BRDA:156,26,0,11
BRDA:156,26,1,45
BRDA:158,27,0,11
BRDA:158,27,1,10
BRDA:159,28,0,10
BRDA:159,28,1,1
BRDA:164,29,0,11
BRDA:164,29,1,11
BRDA:165,30,0,0
BRDA:165,30,1,11
BRDA:165,31,0,11
BRDA:165,31,1,0
BRDA:169,32,0,2
BRDA:169,32,1,9
BRDA:169,33,0,11
BRDA:169,33,1,2
BRDA:176,34,0,2
BRDA:176,34,1,54
BRDA:176,35,0,56
BRDA:176,35,1,56
BRDA:176,35,2,6
BRDA:176,35,3,3
BRDA:176,35,4,3
BRDA:176,35,5,3
BRDA:177,36,0,2
BRDA:177,36,1,2
BRDA:178,37,0,2
BRDA:178,37,1,0
BRDA:188,38,0,7
BRDA:188,38,1,82
BRDA:188,39,0,89
BRDA:188,39,1,65
BRDA:188,39,2,20
BRDA:188,39,3,14
BRDA:188,39,4,14
BRDA:194,40,0,89
BRDA:194,40,1,16
BRDA:195,41,0,89
BRDA:195,41,1,44
BRDA:196,42,0,89
BRDA:196,42,1,44
BRDA:197,43,0,89
BRDA:197,43,1,44
BRDA:220,44,0,47
BRDA:220,44,1,72
BRDA:222,45,0,45
BRDA:222,45,1,74
BRDA:222,46,0,119
BRDA:222,46,1,96
BRDA:239,47,0,45
BRDA:239,47,1,0
BRDA:247,48,0,47
BRDA:247,48,1,0
BRDA:253,49,0,0
BRDA:253,49,1,47
BRDA:273,50,0,6
BRDA:273,50,1,12
BRDA:279,51,0,6
BRDA:279,51,1,0
BRDA:322,52,0,0
BRDA:322,52,1,0
BRDA:323,53,0,0
BRDA:323,53,1,0
BRDA:327,54,0,0
BRDA:327,54,1,0
BRDA:328,55,0,0
BRDA:328,55,1,0
BRDA:331,56,0,0
BRDA:331,56,1,0
BRDA:344,57,0,6
BRDA:344,57,1,5
BRDA:361,58,0,6
BRDA:361,58,1,0
BRDA:374,59,0,5
BRDA:374,59,1,1
BRDA:379,60,0,5
BRDA:379,60,1,3
BRDA:390,61,0,81
BRDA:390,61,1,29
BRDA:398,62,0,54
BRDA:398,62,1,26
BRDA:400,63,0,0
BRDA:400,63,1,3
BRDA:408,64,0,1
BRDA:408,64,1,44
BRDA:415,65,0,7
BRDA:415,65,1,38
BRDA:415,66,0,45
BRDA:415,66,1,44
BRDA:415,66,2,44
BRDA:415,66,3,20
BRDA:417,67,0,3
BRDA:417,67,1,4
BRDA:420,68,0,7
BRDA:420,68,1,0
BRDA:426,69,0,8
BRDA:426,69,1,37
BRDA:426,70,0,45
BRDA:426,70,1,44
BRDA:426,70,2,41
BRDA:426,70,3,40
BRDA:426,70,4,16
BRDA:426,70,5,10
BRDA:426,70,6,10
BRDA:427,71,0,5
BRDA:427,71,1,3
BRDA:445,72,0,4
BRDA:445,72,1,8
BRDA:453,73,0,0
BRDA:453,73,1,10
BRDA:494,74,0,12
BRDA:494,74,1,12
BRDA:504,75,0,12
BRDA:504,75,1,0
BRDA:516,76,0,0
BRDA:516,76,1,12
BRDA:522,77,0,12
BRDA:522,77,1,12
BRDA:527,78,0,12
BRDA:527,78,1,0
BRDA:528,79,0,12
BRDA:528,79,1,0
BRDA:531,80,0,8
BRDA:531,80,1,4
BRDA:535,81,0,0
BRDA:535,81,1,12
BRDA:545,82,0,12
BRDA:545,82,1,4
BRDA:545,83,0,3
BRDA:545,83,1,1
BRDA:572,84,0,12
BRDA:572,84,1,0
BRDA:590,85,0,4
BRDA:590,85,1,8
BRDA:590,86,0,12
BRDA:590,86,1,6
BRDA:596,87,0,6
BRDA:596,87,1,6
BRDA:598,88,0,6
BRDA:598,88,1,0
BRDA:610,89,0,44
BRDA:610,89,1,8
BRDA:611,90,0,0
BRDA:611,90,1,44
BRDA:629,91,0,0
BRDA:629,91,1,52
BRDA:642,92,0,52
BRDA:642,92,1,52
BRDA:642,92,2,2
BRDA:645,93,0,52
BRDA:645,93,1,51
BRDA:647,94,0,52
BRDA:647,94,1,51
BRDA:650,95,0,0
BRDA:650,95,1,52
BRDA:666,96,0,1
BRDA:666,96,1,49
BRDA:669,97,0,50
BRDA:669,97,1,3
BRDA:672,98,0,49
BRDA:672,98,1,1
BRDA:691,99,0,40
BRDA:691,99,1,2
BRDA:700,100,0,18
BRDA:700,100,1,22
BRDA:700,101,0,40
BRDA:700,101,1,19
BRDA:703,102,0,1
BRDA:703,102,1,21
BRDA:704,103,0,1
BRDA:704,103,1,0
BRDA:707,104,0,5
BRDA:707,104,1,37
BRDA:727,105,0,11
BRDA:727,105,1,41
BRDA:733,106,0,4
BRDA:733,106,1,2
BRDA:736,107,0,0
BRDA:736,107,1,11
BRDA:770,108,0,4
BRDA:770,108,1,48
BRDA:774,109,0,4
BRDA:774,109,1,4
BRDA:778,110,0,4
BRDA:778,110,1,4
BRF:235
BRH:194
end_of_record
